{"meta": {"format": 3, "version": "7.11.0", "timestamp": "2025-12-04T13:52:25.240561", "branch_coverage": false, "show_contexts": false}, "files": {"src\\advanced_backtest.py": {"executed_lines": [], "summary": {"covered_lines": 0, "num_statements": 101, "percent_covered": 0.0, "percent_covered_display": "0", "missing_lines": 101, "excluded_lines": 0}, "missing_lines": [6, 7, 8, 9, 10, 12, 13, 15, 16, 26, 27, 28, 30, 49, 50, 52, 53, 55, 57, 59, 60, 61, 64, 65, 66, 68, 70, 73, 76, 78, 88, 90, 97, 112, 113, 115, 117, 119, 122, 123, 125, 131, 133, 143, 156, 158, 159, 160, 163, 164, 167, 168, 169, 171, 174, 176, 177, 178, 179, 181, 183, 196, 198, 199, 200, 203, 204, 206, 214, 216, 218, 219, 227, 228, 229, 231, 232, 240, 241, 242, 243, 245, 252, 254, 255, 256, 258, 260, 263, 264, 269, 270, 271, 273, 274, 275, 278, 279, 280, 281, 282], "excluded_lines": [], "functions": {"AdvancedBacktester.__init__": {"executed_lines": [], "summary": {"covered_lines": 0, "num_statements": 3, "percent_covered": 0.0, "percent_covered_display": "0", "missing_lines": 3, "excluded_lines": 0}, "missing_lines": [26, 27, 28], "excluded_lines": []}, "AdvancedBacktester.walk_forward_analysis": {"executed_lines": [], "summary": {"covered_lines": 0, "num_statements": 19, "percent_covered": 0.0, "percent_covered_display": "0", "missing_lines": 19, "excluded_lines": 0}, "missing_lines": [49, 50, 52, 53, 55, 57, 59, 60, 61, 64, 65, 66, 68, 70, 73, 76, 78, 88, 90], "excluded_lines": []}, "AdvancedBacktester.monte_carlo_simulation": {"executed_lines": [], "summary": {"covered_lines": 0, "num_statements": 10, "percent_covered": 0.0, "percent_covered_display": "0", "missing_lines": 10, "excluded_lines": 0}, "missing_lines": [112, 113, 115, 117, 119, 122, 123, 125, 131, 133], "excluded_lines": []}, "AdvancedBacktester.calculate_realistic_costs": {"executed_lines": [], "summary": {"covered_lines": 0, "num_statements": 16, "percent_covered": 0.0, "percent_covered_display": "0", "missing_lines": 16, "excluded_lines": 0}, "missing_lines": [156, 158, 159, 160, 163, 164, 167, 168, 169, 171, 174, 176, 177, 178, 179, 181], "excluded_lines": []}, "AdvancedBacktester.stress_test": {"executed_lines": [], "summary": {"covered_lines": 0, "num_statements": 8, "percent_covered": 0.0, "percent_covered_display": "0", "missing_lines": 8, "excluded_lines": 0}, "missing_lines": [196, 198, 199, 200, 203, 204, 206, 214], "excluded_lines": []}, "AdvancedBacktester._calculate_performance": {"executed_lines": [], "summary": {"covered_lines": 0, "num_statements": 12, "percent_covered": 0.0, "percent_covered_display": "0", "missing_lines": 12, "excluded_lines": 0}, "missing_lines": [218, 219, 227, 228, 229, 231, 232, 240, 241, 242, 243, 245], "excluded_lines": []}, "AdvancedBacktester._calculate_max_drawdown": {"executed_lines": [], "summary": {"covered_lines": 0, "num_statements": 3, "percent_covered": 0.0, "percent_covered_display": "0", "missing_lines": 3, "excluded_lines": 0}, "missing_lines": [254, 255, 256], "excluded_lines": []}, "simple_strategy": {"executed_lines": [], "summary": {"covered_lines": 0, "num_statements": 5, "percent_covered": 0.0, "percent_covered_display": "0", "missing_lines": 5, "excluded_lines": 0}, "missing_lines": [270, 271, 273, 274, 275], "excluded_lines": []}, "": {"executed_lines": [], "summary": {"covered_lines": 0, "num_statements": 25, "percent_covered": 0.0, "percent_covered_display": "0", "missing_lines": 25, "excluded_lines": 0}, "missing_lines": [6, 7, 8, 9, 10, 12, 13, 15, 16, 30, 97, 143, 183, 216, 252, 258, 260, 263, 264, 269, 278, 279, 280, 281, 282], "excluded_lines": []}}, "classes": {"AdvancedBacktester": {"executed_lines": [], "summary": {"covered_lines": 0, "num_statements": 71, "percent_covered": 0.0, "percent_covered_display": "0", "missing_lines": 71, "excluded_lines": 0}, "missing_lines": [26, 27, 28, 49, 50, 52, 53, 55, 57, 59, 60, 61, 64, 65, 66, 68, 70, 73, 76, 78, 88, 90, 112, 113, 115, 117, 119, 122, 123, 125, 131, 133, 156, 158, 159, 160, 163, 164, 167, 168, 169, 171, 174, 176, 177, 178, 179, 181, 196, 198, 199, 200, 203, 204, 206, 214, 218, 219, 227, 228, 229, 231, 232, 240, 241, 242, 243, 245, 254, 255, 256], "excluded_lines": []}, "": {"executed_lines": [], "summary": {"covered_lines": 0, "num_statements": 30, "percent_covered": 0.0, "percent_covered_display": "0", "missing_lines": 30, "excluded_lines": 0}, "missing_lines": [6, 7, 8, 9, 10, 12, 13, 15, 16, 30, 97, 143, 183, 216, 252, 258, 260, 263, 264, 269, 270, 271, 273, 274, 275, 278, 279, 280, 281, 282], "excluded_lines": []}}}, "src\\advanced_features.py": {"executed_lines": [1, 10, 11, 12, 13, 14, 16, 19, 35, 37, 38, 41, 43, 46, 49, 51, 54, 70, 72, 73, 76, 78, 81, 84, 87, 88, 89, 91, 94, 104, 106, 110, 111, 112, 114, 115, 117, 120, 123, 124, 125, 126, 127, 129, 130, 132, 135, 145, 148, 149, 152, 154, 159, 164, 169, 170, 171, 172, 177, 180, 184, 187, 190, 193, 196, 199, 201, 203, 205, 206, 209, 222, 224, 228, 229, 232, 236, 238, 239, 240, 241, 242, 243, 244, 246, 248, 251, 253, 254, 257, 269, 271, 272, 275, 277, 278, 284, 291, 292, 295, 303, 309, 314, 317, 331, 334, 337, 340, 341, 344, 345, 346, 348, 349], "summary": {"covered_lines": 113, "num_statements": 124, "percent_covered": 91.12903225806451, "percent_covered_display": "91", "missing_lines": 11, "excluded_lines": 0}, "missing_lines": [39, 74, 107, 150, 174, 175, 225, 273, 311, 312, 332], "excluded_lines": [], "functions": {"add_lag_features": {"executed_lines": [35, 37, 38, 41, 43, 46, 49, 51], "summary": {"covered_lines": 8, "num_statements": 9, "percent_covered": 88.88888888888889, "percent_covered_display": "89", "missing_lines": 1, "excluded_lines": 0}, "missing_lines": [39], "excluded_lines": []}, "add_rolling_stats": {"executed_lines": [70, 72, 73, 76, 78, 81, 84, 87, 88, 89, 91], "summary": {"covered_lines": 11, "num_statements": 12, "percent_covered": 91.66666666666667, "percent_covered_display": "92", "missing_lines": 1, "excluded_lines": 0}, "missing_lines": [74], "excluded_lines": []}, "add_advanced_technical_features": {"executed_lines": [104, 106, 110, 111, 112, 114, 115, 117, 120, 123, 124, 125, 126, 127, 129, 130, 132], "summary": {"covered_lines": 17, "num_statements": 18, "percent_covered": 94.44444444444444, "percent_covered_display": "94", "missing_lines": 1, "excluded_lines": 0}, "missing_lines": [107], "excluded_lines": []}, "add_trend_features": {"executed_lines": [145, 148, 149, 152, 154, 159, 164, 169, 170, 171, 172, 177], "summary": {"covered_lines": 12, "num_statements": 15, "percent_covered": 80.0, "percent_covered_display": "80", "missing_lines": 3, "excluded_lines": 0}, "missing_lines": [150, 174, 175], "excluded_lines": []}, "generate_all_advanced_features": {"executed_lines": [184, 187, 190, 193, 196, 199, 201, 203, 205, 206], "summary": {"covered_lines": 10, "num_statements": 10, "percent_covered": 100.0, "percent_covered_display": "100", "missing_lines": 0, "excluded_lines": 0}, "missing_lines": [], "excluded_lines": []}, "add_volatility_regime": {"executed_lines": [222, 224, 228, 229, 232, 236, 238, 248, 251, 253, 254], "summary": {"covered_lines": 11, "num_statements": 12, "percent_covered": 91.66666666666667, "percent_covered_display": "92", "missing_lines": 1, "excluded_lines": 0}, "missing_lines": [225], "excluded_lines": []}, "add_volatility_regime.classify_volatility": {"executed_lines": [239, 240, 241, 242, 243, 244, 246], "summary": {"covered_lines": 7, "num_statements": 7, "percent_covered": 100.0, "percent_covered_display": "100", "missing_lines": 0, "excluded_lines": 0}, "missing_lines": [], "excluded_lines": []}, "add_momentum_features": {"executed_lines": [269, 271, 272, 275, 277, 278, 284, 291, 292, 295, 303, 309, 314], "summary": {"covered_lines": 13, "num_statements": 16, "percent_covered": 81.25, "percent_covered_display": "81", "missing_lines": 3, "excluded_lines": 0}, "missing_lines": [273, 311, 312], "excluded_lines": []}, "generate_phase29_features": {"executed_lines": [331, 334, 337, 340, 341, 344, 345, 346, 348, 349], "summary": {"covered_lines": 10, "num_statements": 11, "percent_covered": 90.9090909090909, "percent_covered_display": "91", "missing_lines": 1, "excluded_lines": 0}, "missing_lines": [332], "excluded_lines": []}, "": {"executed_lines": [1, 10, 11, 12, 13, 14, 16, 19, 54, 94, 135, 180, 209, 257, 317], "summary": {"covered_lines": 14, "num_statements": 14, "percent_covered": 100.0, "percent_covered_display": "100", "missing_lines": 0, "excluded_lines": 0}, "missing_lines": [], "excluded_lines": []}}, "classes": {"": {"executed_lines": [1, 10, 11, 12, 13, 14, 16, 19, 35, 37, 38, 41, 43, 46, 49, 51, 54, 70, 72, 73, 76, 78, 81, 84, 87, 88, 89, 91, 94, 104, 106, 110, 111, 112, 114, 115, 117, 120, 123, 124, 125, 126, 127, 129, 130, 132, 135, 145, 148, 149, 152, 154, 159, 164, 169, 170, 171, 172, 177, 180, 184, 187, 190, 193, 196, 199, 201, 203, 205, 206, 209, 222, 224, 228, 229, 232, 236, 238, 239, 240, 241, 242, 243, 244, 246, 248, 251, 253, 254, 257, 269, 271, 272, 275, 277, 278, 284, 291, 292, 295, 303, 309, 314, 317, 331, 334, 337, 340, 341, 344, 345, 346, 348, 349], "summary": {"covered_lines": 113, "num_statements": 124, "percent_covered": 91.12903225806451, "percent_covered_display": "91", "missing_lines": 11, "excluded_lines": 0}, "missing_lines": [39, 74, 107, 150, 174, 175, 225, 273, 311, 312, 332], "excluded_lines": []}}}, "src\\advanced_models.py": {"executed_lines": [1, 7, 8, 9, 10, 12, 15, 16, 19, 20, 22, 23, 27, 31, 33, 44, 45, 47, 48, 56, 58, 59, 60, 61, 63, 65, 66, 67, 69, 70, 78, 81, 82, 85, 87, 88, 89, 91, 92, 93], "summary": {"covered_lines": 37, "num_statements": 41, "percent_covered": 90.2439024390244, "percent_covered_display": "90", "missing_lines": 4, "excluded_lines": 0}, "missing_lines": [35, 37, 39, 41], "excluded_lines": [], "functions": {"AttentionLayer.__init__": {"executed_lines": [20], "summary": {"covered_lines": 1, "num_statements": 1, "percent_covered": 100.0, "percent_covered_display": "100", "missing_lines": 0, "excluded_lines": 0}, "missing_lines": [], "excluded_lines": []}, "AttentionLayer.build": {"executed_lines": [23, 27, 31], "summary": {"covered_lines": 3, "num_statements": 3, "percent_covered": 100.0, "percent_covered_display": "100", "missing_lines": 0, "excluded_lines": 0}, "missing_lines": [], "excluded_lines": []}, "AttentionLayer.call": {"executed_lines": [], "summary": {"covered_lines": 0, "num_statements": 4, "percent_covered": 0.0, "percent_covered_display": "0", "missing_lines": 4, "excluded_lines": 0}, "missing_lines": [35, 37, 39, 41], "excluded_lines": []}, "AdvancedModels.build_gru_model": {"executed_lines": [56, 58, 59, 60, 61, 63, 65, 66, 67], "summary": {"covered_lines": 9, "num_statements": 9, "percent_covered": 100.0, "percent_covered_display": "100", "missing_lines": 0, "excluded_lines": 0}, "missing_lines": [], "excluded_lines": []}, "AdvancedModels.build_attention_lstm_model": {"executed_lines": [78, 81, 82, 85, 87, 88, 89, 91, 92, 93], "summary": {"covered_lines": 10, "num_statements": 10, "percent_covered": 100.0, "percent_covered_display": "100", "missing_lines": 0, "excluded_lines": 0}, "missing_lines": [], "excluded_lines": []}, "": {"executed_lines": [1, 7, 8, 9, 10, 12, 15, 16, 19, 22, 33, 44, 45, 47, 48, 69, 70], "summary": {"covered_lines": 14, "num_statements": 14, "percent_covered": 100.0, "percent_covered_display": "100", "missing_lines": 0, "excluded_lines": 0}, "missing_lines": [], "excluded_lines": []}}, "classes": {"AttentionLayer": {"executed_lines": [20, 23, 27, 31], "summary": {"covered_lines": 4, "num_statements": 8, "percent_covered": 50.0, "percent_covered_display": "50", "missing_lines": 4, "excluded_lines": 0}, "missing_lines": [35, 37, 39, 41], "excluded_lines": []}, "AdvancedModels": {"executed_lines": [56, 58, 59, 60, 61, 63, 65, 66, 67, 78, 81, 82, 85, 87, 88, 89, 91, 92, 93], "summary": {"covered_lines": 19, "num_statements": 19, "percent_covered": 100.0, "percent_covered_display": "100", "missing_lines": 0, "excluded_lines": 0}, "missing_lines": [], "excluded_lines": []}, "": {"executed_lines": [1, 7, 8, 9, 10, 12, 15, 16, 19, 22, 33, 44, 45, 47, 48, 69, 70], "summary": {"covered_lines": 14, "num_statements": 14, "percent_covered": 100.0, "percent_covered_display": "100", "missing_lines": 0, "excluded_lines": 0}, "missing_lines": [], "excluded_lines": []}}}, "src\\advanced_risk.py": {"executed_lines": [], "summary": {"covered_lines": 0, "num_statements": 89, "percent_covered": 0.0, "percent_covered_display": "0", "missing_lines": 89, "excluded_lines": 0}, "missing_lines": [6, 7, 8, 9, 10, 13, 16, 21, 22, 24, 35, 36, 38, 40, 42, 44, 45, 46, 47, 49, 51, 52, 53, 54, 57, 59, 61, 73, 74, 76, 79, 81, 83, 97, 98, 101, 103, 104, 105, 106, 109, 112, 115, 116, 119, 120, 122, 130, 140, 141, 142, 143, 144, 145, 147, 149, 161, 163, 164, 166, 168, 169, 171, 173, 185, 188, 191, 193, 194, 195, 196, 198, 200, 203, 205, 208, 209, 211, 213, 216, 217, 220, 221, 222, 225, 231, 232, 233, 234], "excluded_lines": [], "functions": {"AdvancedRiskManager.__init__": {"executed_lines": [], "summary": {"covered_lines": 0, "num_statements": 2, "percent_covered": 0.0, "percent_covered_display": "0", "missing_lines": 2, "excluded_lines": 0}, "missing_lines": [21, 22], "excluded_lines": []}, "AdvancedRiskManager.calculate_var": {"executed_lines": [], "summary": {"covered_lines": 0, "num_statements": 16, "percent_covered": 0.0, "percent_covered_display": "0", "missing_lines": 16, "excluded_lines": 0}, "missing_lines": [35, 36, 38, 40, 42, 44, 45, 46, 47, 49, 51, 52, 53, 54, 57, 59], "excluded_lines": []}, "AdvancedRiskManager.calculate_cvar": {"executed_lines": [], "summary": {"covered_lines": 0, "num_statements": 5, "percent_covered": 0.0, "percent_covered_display": "0", "missing_lines": 5, "excluded_lines": 0}, "missing_lines": [73, 74, 76, 79, 81], "excluded_lines": []}, "AdvancedRiskManager.calculate_portfolio_var": {"executed_lines": [], "summary": {"covered_lines": 0, "num_statements": 14, "percent_covered": 0.0, "percent_covered_display": "0", "missing_lines": 14, "excluded_lines": 0}, "missing_lines": [97, 98, 101, 103, 104, 105, 106, 109, 112, 115, 116, 119, 120, 122], "excluded_lines": []}, "AdvancedRiskManager._interpret_var": {"executed_lines": [], "summary": {"covered_lines": 0, "num_statements": 7, "percent_covered": 0.0, "percent_covered_display": "0", "missing_lines": 7, "excluded_lines": 0}, "missing_lines": [140, 141, 142, 143, 144, 145, 147], "excluded_lines": []}, "AdvancedRiskManager.stress_test": {"executed_lines": [], "summary": {"covered_lines": 0, "num_statements": 7, "percent_covered": 0.0, "percent_covered_display": "0", "missing_lines": 7, "excluded_lines": 0}, "missing_lines": [161, 163, 164, 166, 168, 169, 171], "excluded_lines": []}, "AdvancedRiskManager.calculate_risk_parity_weights": {"executed_lines": [], "summary": {"covered_lines": 0, "num_statements": 9, "percent_covered": 0.0, "percent_covered_display": "0", "missing_lines": 9, "excluded_lines": 0}, "missing_lines": [185, 188, 191, 193, 194, 195, 196, 198, 200], "excluded_lines": []}, "": {"executed_lines": [], "summary": {"covered_lines": 0, "num_statements": 29, "percent_covered": 0.0, "percent_covered_display": "0", "missing_lines": 29, "excluded_lines": 0}, "missing_lines": [6, 7, 8, 9, 10, 13, 16, 24, 61, 83, 130, 149, 173, 203, 205, 208, 209, 211, 213, 216, 217, 220, 221, 222, 225, 231, 232, 233, 234], "excluded_lines": []}}, "classes": {"AdvancedRiskManager": {"executed_lines": [], "summary": {"covered_lines": 0, "num_statements": 60, "percent_covered": 0.0, "percent_covered_display": "0", "missing_lines": 60, "excluded_lines": 0}, "missing_lines": [21, 22, 35, 36, 38, 40, 42, 44, 45, 46, 47, 49, 51, 52, 53, 54, 57, 59, 73, 74, 76, 79, 81, 97, 98, 101, 103, 104, 105, 106, 109, 112, 115, 116, 119, 120, 122, 140, 141, 142, 143, 144, 145, 147, 161, 163, 164, 166, 168, 169, 171, 185, 188, 191, 193, 194, 195, 196, 198, 200], "excluded_lines": []}, "": {"executed_lines": [], "summary": {"covered_lines": 0, "num_statements": 29, "percent_covered": 0.0, "percent_covered_display": "0", "missing_lines": 29, "excluded_lines": 0}, "missing_lines": [6, 7, 8, 9, 10, 13, 16, 24, 61, 83, 130, 149, 173, 203, 205, 208, 209, 211, 213, 216, 217, 220, 221, 222, 225, 231, 232, 233, 234], "excluded_lines": []}}}, "src\\agents.py": {"executed_lines": [1, 2, 3, 4, 6, 7, 9, 11, 12, 13, 14, 15, 16, 18, 19, 20, 21, 23, 26, 27, 28, 30, 31, 32, 37, 38, 39, 42, 43, 44, 45, 46, 48, 49, 50, 52, 53, 54, 55, 56, 57, 71, 73, 74, 75, 76, 78, 79, 80, 83, 85, 86, 87, 89, 90, 92, 95, 97, 98, 99, 101, 102, 103, 105, 106, 108, 109, 117, 118, 120, 129, 139, 140, 141, 144, 148, 150, 151, 152, 154, 155, 156, 160, 161, 164, 165, 166, 168, 169, 172, 174, 175, 177, 178, 179, 180, 190, 192, 193, 194, 196, 200, 207, 208, 210, 212, 213, 214, 215, 216, 217, 218, 221, 222, 223, 225, 226, 233, 235, 236, 237, 238, 239, 242, 243, 244, 245, 246, 247, 251], "summary": {"covered_lines": 130, "num_statements": 173, "percent_covered": 75.14450867052022, "percent_covered_display": "75", "missing_lines": 43, "excluded_lines": 0}, "missing_lines": [24, 33, 59, 60, 62, 63, 64, 65, 66, 68, 69, 81, 91, 93, 110, 111, 114, 115, 121, 122, 123, 124, 126, 127, 131, 132, 133, 134, 136, 137, 142, 143, 145, 146, 157, 181, 182, 183, 184, 186, 187, 188, 249], "excluded_lines": [], "functions": {"Agent.__init__": {"executed_lines": [20, 21], "summary": {"covered_lines": 2, "num_statements": 2, "percent_covered": 100.0, "percent_covered_display": "100", "missing_lines": 0, "excluded_lines": 0}, "missing_lines": [], "excluded_lines": []}, "Agent.vote": {"executed_lines": [], "summary": {"covered_lines": 0, "num_statements": 1, "percent_covered": 0.0, "percent_covered_display": "0", "missing_lines": 1, "excluded_lines": 0}, "missing_lines": [24], "excluded_lines": []}, "TechnicalAnalyst.__init__": {"executed_lines": [28], "summary": {"covered_lines": 1, "num_statements": 1, "percent_covered": 100.0, "percent_covered_display": "100", "missing_lines": 0, "excluded_lines": 0}, "missing_lines": [], "excluded_lines": []}, "TechnicalAnalyst.vote": {"executed_lines": [31, 32, 37, 38, 39, 42, 43, 44, 45, 46, 48, 49, 50, 52, 53, 54, 55, 56, 57, 71], "summary": {"covered_lines": 20, "num_statements": 30, "percent_covered": 66.66666666666667, "percent_covered_display": "67", "missing_lines": 10, "excluded_lines": 0}, "missing_lines": [33, 59, 60, 62, 63, 64, 65, 66, 68, 69], "excluded_lines": []}, "FundamentalAnalyst.__init__": {"executed_lines": [75, 76], "summary": {"covered_lines": 2, "num_statements": 2, "percent_covered": 100.0, "percent_covered_display": "100", "missing_lines": 0, "excluded_lines": 0}, "missing_lines": [], "excluded_lines": []}, "FundamentalAnalyst.vote": {"executed_lines": [79, 80, 83, 85, 86, 87, 89, 90, 92, 95], "summary": {"covered_lines": 10, "num_statements": 13, "percent_covered": 76.92307692307692, "percent_covered_display": "77", "missing_lines": 3, "excluded_lines": 0}, "missing_lines": [81, 91, 93], "excluded_lines": []}, "MacroStrategist.__init__": {"executed_lines": [99], "summary": {"covered_lines": 1, "num_statements": 1, "percent_covered": 100.0, "percent_covered_display": "100", "missing_lines": 0, "excluded_lines": 0}, "missing_lines": [], "excluded_lines": []}, "MacroStrategist.vote": {"executed_lines": [102, 103, 105, 106, 108, 109, 117, 118, 120, 129, 139, 140, 141, 144, 148], "summary": {"covered_lines": 15, "num_statements": 35, "percent_covered": 42.857142857142854, "percent_covered_display": "43", "missing_lines": 20, "excluded_lines": 0}, "missing_lines": [110, 111, 114, 115, 121, 122, 123, 124, 126, 127, 131, 132, 133, 134, 136, 137, 142, 143, 145, 146], "excluded_lines": []}, "RiskManager.__init__": {"executed_lines": [152], "summary": {"covered_lines": 1, "num_statements": 1, "percent_covered": 100.0, "percent_covered_display": "100", "missing_lines": 0, "excluded_lines": 0}, "missing_lines": [], "excluded_lines": []}, "RiskManager.vote": {"executed_lines": [155, 156, 160, 161, 164, 165, 166, 168, 169, 172, 174, 175, 177, 178, 179, 180, 190], "summary": {"covered_lines": 17, "num_statements": 25, "percent_covered": 68.0, "percent_covered_display": "68", "missing_lines": 8, "excluded_lines": 0}, "missing_lines": [157, 181, 182, 183, 184, 186, 187, 188], "excluded_lines": []}, "PortfolioManager.__init__": {"executed_lines": [194], "summary": {"covered_lines": 1, "num_statements": 1, "percent_covered": 100.0, "percent_covered_display": "100", "missing_lines": 0, "excluded_lines": 0}, "missing_lines": [], "excluded_lines": []}, "PortfolioManager.make_decision": {"executed_lines": [200, 207, 208, 210, 212, 213, 214, 215, 216, 217, 218, 221, 222, 223, 225, 226, 233, 235, 236, 237, 238, 239, 242, 243, 244, 245, 246, 247, 251], "summary": {"covered_lines": 29, "num_statements": 30, "percent_covered": 96.66666666666667, "percent_covered_display": "97", "missing_lines": 1, "excluded_lines": 0}, "missing_lines": [249], "excluded_lines": []}, "": {"executed_lines": [1, 2, 3, 4, 6, 7, 9, 11, 12, 13, 14, 15, 16, 18, 19, 23, 26, 27, 30, 73, 74, 78, 97, 98, 101, 150, 151, 154, 192, 193, 196], "summary": {"covered_lines": 31, "num_statements": 31, "percent_covered": 100.0, "percent_covered_display": "100", "missing_lines": 0, "excluded_lines": 0}, "missing_lines": [], "excluded_lines": []}}, "classes": {"AgentVote": {"executed_lines": [], "summary": {"covered_lines": 0, "num_statements": 0, "percent_covered": 100.0, "percent_covered_display": "100", "missing_lines": 0, "excluded_lines": 0}, "missing_lines": [], "excluded_lines": []}, "Agent": {"executed_lines": [20, 21], "summary": {"covered_lines": 2, "num_statements": 3, "percent_covered": 66.66666666666667, "percent_covered_display": "67", "missing_lines": 1, "excluded_lines": 0}, "missing_lines": [24], "excluded_lines": []}, "TechnicalAnalyst": {"executed_lines": [28, 31, 32, 37, 38, 39, 42, 43, 44, 45, 46, 48, 49, 50, 52, 53, 54, 55, 56, 57, 71], "summary": {"covered_lines": 21, "num_statements": 31, "percent_covered": 67.74193548387096, "percent_covered_display": "68", "missing_lines": 10, "excluded_lines": 0}, "missing_lines": [33, 59, 60, 62, 63, 64, 65, 66, 68, 69], "excluded_lines": []}, "FundamentalAnalyst": {"executed_lines": [75, 76, 79, 80, 83, 85, 86, 87, 89, 90, 92, 95], "summary": {"covered_lines": 12, "num_statements": 15, "percent_covered": 80.0, "percent_covered_display": "80", "missing_lines": 3, "excluded_lines": 0}, "missing_lines": [81, 91, 93], "excluded_lines": []}, "MacroStrategist": {"executed_lines": [99, 102, 103, 105, 106, 108, 109, 117, 118, 120, 129, 139, 140, 141, 144, 148], "summary": {"covered_lines": 16, "num_statements": 36, "percent_covered": 44.44444444444444, "percent_covered_display": "44", "missing_lines": 20, "excluded_lines": 0}, "missing_lines": [110, 111, 114, 115, 121, 122, 123, 124, 126, 127, 131, 132, 133, 134, 136, 137, 142, 143, 145, 146], "excluded_lines": []}, "RiskManager": {"executed_lines": [152, 155, 156, 160, 161, 164, 165, 166, 168, 169, 172, 174, 175, 177, 178, 179, 180, 190], "summary": {"covered_lines": 18, "num_statements": 26, "percent_covered": 69.23076923076923, "percent_covered_display": "69", "missing_lines": 8, "excluded_lines": 0}, "missing_lines": [157, 181, 182, 183, 184, 186, 187, 188], "excluded_lines": []}, "PortfolioManager": {"executed_lines": [194, 200, 207, 208, 210, 212, 213, 214, 215, 216, 217, 218, 221, 222, 223, 225, 226, 233, 235, 236, 237, 238, 239, 242, 243, 244, 245, 246, 247, 251], "summary": {"covered_lines": 30, "num_statements": 31, "percent_covered": 96.7741935483871, "percent_covered_display": "97", "missing_lines": 1, "excluded_lines": 0}, "missing_lines": [249], "excluded_lines": []}, "": {"executed_lines": [1, 2, 3, 4, 6, 7, 9, 11, 12, 13, 14, 15, 16, 18, 19, 23, 26, 27, 30, 73, 74, 78, 97, 98, 101, 150, 151, 154, 192, 193, 196], "summary": {"covered_lines": 31, "num_statements": 31, "percent_covered": 100.0, "percent_covered_display": "100", "missing_lines": 0, "excluded_lines": 0}, "missing_lines": [], "excluded_lines": []}}}, "src\\ai_analyst.py": {"executed_lines": [], "summary": {"covered_lines": 0, "num_statements": 46, "percent_covered": 0.0, "percent_covered_display": "0", "missing_lines": 46, "excluded_lines": 0}, "missing_lines": [5, 6, 7, 8, 9, 12, 13, 15, 16, 17, 20, 21, 23, 24, 25, 26, 28, 29, 30, 32, 33, 34, 35, 36, 37, 38, 40, 44, 45, 47, 48, 56, 57, 58, 59, 61, 65, 76, 78, 82, 89, 91, 93, 94, 95, 97], "excluded_lines": [], "functions": {"AIAnalyst.__init__": {"executed_lines": [], "summary": {"covered_lines": 0, "num_statements": 10, "percent_covered": 0.0, "percent_covered_display": "0", "missing_lines": 10, "excluded_lines": 0}, "missing_lines": [17, 20, 21, 23, 24, 25, 26, 28, 29, 30], "excluded_lines": []}, "AIAnalyst._load_config": {"executed_lines": [], "summary": {"covered_lines": 0, "num_statements": 6, "percent_covered": 0.0, "percent_covered_display": "0", "missing_lines": 6, "excluded_lines": 0}, "missing_lines": [33, 34, 35, 36, 37, 38], "excluded_lines": []}, "AIAnalyst.generate_response": {"executed_lines": [], "summary": {"covered_lines": 0, "num_statements": 8, "percent_covered": 0.0, "percent_covered_display": "0", "missing_lines": 8, "excluded_lines": 0}, "missing_lines": [44, 45, 47, 48, 56, 57, 58, 59], "excluded_lines": []}, "AIAnalyst.analyze_market": {"executed_lines": [], "summary": {"covered_lines": 0, "num_statements": 2, "percent_covered": 0.0, "percent_covered_display": "0", "missing_lines": 2, "excluded_lines": 0}, "missing_lines": [65, 76], "excluded_lines": []}, "AIAnalyst.explain_trade": {"executed_lines": [], "summary": {"covered_lines": 0, "num_statements": 2, "percent_covered": 0.0, "percent_covered_display": "0", "missing_lines": 2, "excluded_lines": 0}, "missing_lines": [82, 89], "excluded_lines": []}, "": {"executed_lines": [], "summary": {"covered_lines": 0, "num_statements": 18, "percent_covered": 0.0, "percent_covered_display": "0", "missing_lines": 18, "excluded_lines": 0}, "missing_lines": [5, 6, 7, 8, 9, 12, 13, 15, 16, 32, 40, 61, 78, 91, 93, 94, 95, 97], "excluded_lines": []}}, "classes": {"AIAnalyst": {"executed_lines": [], "summary": {"covered_lines": 0, "num_statements": 28, "percent_covered": 0.0, "percent_covered_display": "0", "missing_lines": 28, "excluded_lines": 0}, "missing_lines": [17, 20, 21, 23, 24, 25, 26, 28, 29, 30, 33, 34, 35, 36, 37, 38, 44, 45, 47, 48, 56, 57, 58, 59, 65, 76, 82, 89], "excluded_lines": []}, "": {"executed_lines": [], "summary": {"covered_lines": 0, "num_statements": 18, "percent_covered": 0.0, "percent_covered_display": "0", "missing_lines": 18, "excluded_lines": 0}, "missing_lines": [5, 6, 7, 8, 9, 12, 13, 15, 16, 32, 40, 61, 78, 91, 93, 94, 95, 97], "excluded_lines": []}}}, "src\\alert_manager.py": {"executed_lines": [], "summary": {"covered_lines": 0, "num_statements": 126, "percent_covered": 0.0, "percent_covered_display": "0", "missing_lines": 126, "excluded_lines": 0}, "missing_lines": [5, 6, 7, 8, 9, 12, 14, 15, 16, 19, 21, 22, 23, 24, 27, 28, 30, 31, 32, 33, 34, 35, 36, 37, 38, 39, 42, 45, 46, 47, 49, 51, 52, 54, 69, 80, 81, 83, 85, 86, 88, 93, 94, 95, 97, 99, 101, 102, 104, 105, 106, 108, 109, 110, 112, 113, 114, 126, 128, 130, 132, 133, 135, 136, 137, 139, 141, 142, 143, 144, 145, 146, 148, 149, 150, 152, 154, 156, 157, 159, 161, 162, 163, 165, 167, 168, 169, 170, 172, 173, 174, 176, 178, 180, 181, 184, 191, 196, 197, 199, 201, 202, 204, 206, 207, 209, 211, 212, 214, 220, 221, 223, 225, 227, 243, 244, 246, 249, 251, 254, 261, 262, 265, 266, 269, 270], "excluded_lines": [], "functions": {"AlertManager.__init__": {"executed_lines": [], "summary": {"covered_lines": 0, "num_statements": 2, "percent_covered": 0.0, "percent_covered_display": "0", "missing_lines": 2, "excluded_lines": 0}, "missing_lines": [46, 47], "excluded_lines": []}, "AlertManager._init_database": {"executed_lines": [], "summary": {"covered_lines": 0, "num_statements": 6, "percent_covered": 0.0, "percent_covered_display": "0", "missing_lines": 6, "excluded_lines": 0}, "missing_lines": [51, 52, 54, 69, 80, 81], "excluded_lines": []}, "AlertManager.create_alert": {"executed_lines": [], "summary": {"covered_lines": 0, "num_statements": 7, "percent_covered": 0.0, "percent_covered_display": "0", "missing_lines": 7, "excluded_lines": 0}, "missing_lines": [85, 86, 88, 93, 94, 95, 97], "excluded_lines": []}, "AlertManager.get_alerts": {"executed_lines": [], "summary": {"covered_lines": 0, "num_statements": 13, "percent_covered": 0.0, "percent_covered_display": "0", "missing_lines": 13, "excluded_lines": 0}, "missing_lines": [101, 102, 104, 105, 106, 108, 109, 110, 112, 113, 114, 126, 128], "excluded_lines": []}, "AlertManager.check_price_alert": {"executed_lines": [], "summary": {"covered_lines": 0, "num_statements": 16, "percent_covered": 0.0, "percent_covered_display": "0", "missing_lines": 16, "excluded_lines": 0}, "missing_lines": [132, 133, 135, 136, 137, 139, 141, 142, 143, 144, 145, 146, 148, 149, 150, 152], "excluded_lines": []}, "AlertManager.check_portfolio_alert": {"executed_lines": [], "summary": {"covered_lines": 0, "num_statements": 15, "percent_covered": 0.0, "percent_covered_display": "0", "missing_lines": 15, "excluded_lines": 0}, "missing_lines": [156, 157, 159, 161, 162, 163, 165, 167, 168, 169, 170, 172, 173, 174, 176], "excluded_lines": []}, "AlertManager._trigger_alert": {"executed_lines": [], "summary": {"covered_lines": 0, "num_statements": 6, "percent_covered": 0.0, "percent_covered_display": "0", "missing_lines": 6, "excluded_lines": 0}, "missing_lines": [180, 181, 184, 191, 196, 197], "excluded_lines": []}, "AlertManager.delete_alert": {"executed_lines": [], "summary": {"covered_lines": 0, "num_statements": 5, "percent_covered": 0.0, "percent_covered_display": "0", "missing_lines": 5, "excluded_lines": 0}, "missing_lines": [201, 202, 204, 206, 207], "excluded_lines": []}, "AlertManager.toggle_alert": {"executed_lines": [], "summary": {"covered_lines": 0, "num_statements": 5, "percent_covered": 0.0, "percent_covered_display": "0", "missing_lines": 5, "excluded_lines": 0}, "missing_lines": [211, 212, 214, 220, 221], "excluded_lines": []}, "AlertManager.get_alert_history": {"executed_lines": [], "summary": {"covered_lines": 0, "num_statements": 5, "percent_covered": 0.0, "percent_covered_display": "0", "missing_lines": 5, "excluded_lines": 0}, "missing_lines": [225, 227, 243, 244, 246], "excluded_lines": []}, "": {"executed_lines": [], "summary": {"covered_lines": 0, "num_statements": 46, "percent_covered": 0.0, "percent_covered_display": "0", "missing_lines": 46, "excluded_lines": 0}, "missing_lines": [5, 6, 7, 8, 9, 12, 14, 15, 16, 19, 21, 22, 23, 24, 27, 28, 30, 31, 32, 33, 34, 35, 36, 37, 38, 39, 42, 45, 49, 83, 99, 130, 154, 178, 199, 209, 223, 249, 251, 254, 261, 262, 265, 266, 269, 270], "excluded_lines": []}}, "classes": {"AlertType": {"executed_lines": [], "summary": {"covered_lines": 0, "num_statements": 0, "percent_covered": 100.0, "percent_covered_display": "100", "missing_lines": 0, "excluded_lines": 0}, "missing_lines": [], "excluded_lines": []}, "AlertCondition": {"executed_lines": [], "summary": {"covered_lines": 0, "num_statements": 0, "percent_covered": 100.0, "percent_covered_display": "100", "missing_lines": 0, "excluded_lines": 0}, "missing_lines": [], "excluded_lines": []}, "Alert": {"executed_lines": [], "summary": {"covered_lines": 0, "num_statements": 0, "percent_covered": 100.0, "percent_covered_display": "100", "missing_lines": 0, "excluded_lines": 0}, "missing_lines": [], "excluded_lines": []}, "AlertManager": {"executed_lines": [], "summary": {"covered_lines": 0, "num_statements": 80, "percent_covered": 0.0, "percent_covered_display": "0", "missing_lines": 80, "excluded_lines": 0}, "missing_lines": [46, 47, 51, 52, 54, 69, 80, 81, 85, 86, 88, 93, 94, 95, 97, 101, 102, 104, 105, 106, 108, 109, 110, 112, 113, 114, 126, 128, 132, 133, 135, 136, 137, 139, 141, 142, 143, 144, 145, 146, 148, 149, 150, 152, 156, 157, 159, 161, 162, 163, 165, 167, 168, 169, 170, 172, 173, 174, 176, 180, 181, 184, 191, 196, 197, 201, 202, 204, 206, 207, 211, 212, 214, 220, 221, 225, 227, 243, 244, 246], "excluded_lines": []}, "": {"executed_lines": [], "summary": {"covered_lines": 0, "num_statements": 46, "percent_covered": 0.0, "percent_covered_display": "0", "missing_lines": 46, "excluded_lines": 0}, "missing_lines": [5, 6, 7, 8, 9, 12, 14, 15, 16, 19, 21, 22, 23, 24, 27, 28, 30, 31, 32, 33, 34, 35, 36, 37, 38, 39, 42, 45, 49, 83, 99, 130, 154, 178, 199, 209, 223, 249, 251, 254, 261, 262, 265, 266, 269, 270], "excluded_lines": []}}}, "src\\alert_system.py": {"executed_lines": [], "summary": {"covered_lines": 0, "num_statements": 125, "percent_covered": 0.0, "percent_covered_display": "0", "missing_lines": 125, "excluded_lines": 0}, "missing_lines": [9, 10, 11, 12, 13, 16, 19, 24, 25, 28, 30, 32, 33, 35, 50, 51, 53, 66, 67, 68, 70, 75, 76, 77, 79, 80, 82, 83, 84, 86, 100, 101, 102, 104, 105, 107, 112, 113, 114, 116, 117, 119, 120, 121, 123, 138, 139, 141, 152, 153, 154, 157, 166, 167, 169, 170, 173, 179, 187, 188, 190, 192, 193, 194, 196, 207, 208, 209, 211, 220, 221, 223, 224, 226, 227, 229, 230, 231, 233, 236, 242, 251, 252, 254, 256, 257, 258, 260, 270, 271, 273, 274, 279, 281, 286, 288, 289, 291, 292, 293, 295, 305, 306, 307, 309, 311, 312, 314, 315, 317, 318, 319, 322, 324, 326, 329, 330, 333, 334, 337, 338, 339, 342, 343, 344], "excluded_lines": [], "functions": {"AlertSystem.__init__": {"executed_lines": [], "summary": {"covered_lines": 0, "num_statements": 3, "percent_covered": 0.0, "percent_covered_display": "0", "missing_lines": 3, "excluded_lines": 0}, "missing_lines": [24, 25, 28], "excluded_lines": []}, "AlertSystem._initialize_database": {"executed_lines": [], "summary": {"covered_lines": 0, "num_statements": 5, "percent_covered": 0.0, "percent_covered_display": "0", "missing_lines": 5, "excluded_lines": 0}, "missing_lines": [32, 33, 35, 50, 51], "excluded_lines": []}, "AlertSystem.add_price_alert": {"executed_lines": [], "summary": {"covered_lines": 0, "num_statements": 12, "percent_covered": 0.0, "percent_covered_display": "0", "missing_lines": 12, "excluded_lines": 0}, "missing_lines": [66, 67, 68, 70, 75, 76, 77, 79, 80, 82, 83, 84], "excluded_lines": []}, "AlertSystem.add_indicator_alert": {"executed_lines": [], "summary": {"covered_lines": 0, "num_statements": 14, "percent_covered": 0.0, "percent_covered_display": "0", "missing_lines": 14, "excluded_lines": 0}, "missing_lines": [100, 101, 102, 104, 105, 107, 112, 113, 114, 116, 117, 119, 120, 121], "excluded_lines": []}, "AlertSystem.add_custom_alert": {"executed_lines": [], "summary": {"covered_lines": 0, "num_statements": 2, "percent_covered": 0.0, "percent_covered_display": "0", "missing_lines": 2, "excluded_lines": 0}, "missing_lines": [138, 139], "excluded_lines": []}, "AlertSystem.check_price_alerts": {"executed_lines": [], "summary": {"covered_lines": 0, "num_statements": 16, "percent_covered": 0.0, "percent_covered_display": "0", "missing_lines": 16, "excluded_lines": 0}, "missing_lines": [152, 153, 154, 157, 166, 167, 169, 170, 173, 179, 187, 188, 190, 192, 193, 194], "excluded_lines": []}, "AlertSystem.check_indicator_alerts": {"executed_lines": [], "summary": {"covered_lines": 0, "num_statements": 22, "percent_covered": 0.0, "percent_covered_display": "0", "missing_lines": 22, "excluded_lines": 0}, "missing_lines": [207, 208, 209, 211, 220, 221, 223, 224, 226, 227, 229, 230, 231, 233, 236, 242, 251, 252, 254, 256, 257, 258], "excluded_lines": []}, "AlertSystem.get_active_alerts": {"executed_lines": [], "summary": {"covered_lines": 0, "num_statements": 12, "percent_covered": 0.0, "percent_covered_display": "0", "missing_lines": 12, "excluded_lines": 0}, "missing_lines": [270, 271, 273, 274, 279, 281, 286, 288, 289, 291, 292, 293], "excluded_lines": []}, "AlertSystem.delete_alert": {"executed_lines": [], "summary": {"covered_lines": 0, "num_statements": 11, "percent_covered": 0.0, "percent_covered_display": "0", "missing_lines": 11, "excluded_lines": 0}, "missing_lines": [305, 306, 307, 309, 311, 312, 314, 315, 317, 318, 319], "excluded_lines": []}, "": {"executed_lines": [], "summary": {"covered_lines": 0, "num_statements": 28, "percent_covered": 0.0, "percent_covered_display": "0", "missing_lines": 28, "excluded_lines": 0}, "missing_lines": [9, 10, 11, 12, 13, 16, 19, 30, 53, 86, 123, 141, 196, 260, 295, 322, 324, 326, 329, 330, 333, 334, 337, 338, 339, 342, 343, 344], "excluded_lines": []}}, "classes": {"AlertSystem": {"executed_lines": [], "summary": {"covered_lines": 0, "num_statements": 97, "percent_covered": 0.0, "percent_covered_display": "0", "missing_lines": 97, "excluded_lines": 0}, "missing_lines": [24, 25, 28, 32, 33, 35, 50, 51, 66, 67, 68, 70, 75, 76, 77, 79, 80, 82, 83, 84, 100, 101, 102, 104, 105, 107, 112, 113, 114, 116, 117, 119, 120, 121, 138, 139, 152, 153, 154, 157, 166, 167, 169, 170, 173, 179, 187, 188, 190, 192, 193, 194, 207, 208, 209, 211, 220, 221, 223, 224, 226, 227, 229, 230, 231, 233, 236, 242, 251, 252, 254, 256, 257, 258, 270, 271, 273, 274, 279, 281, 286, 288, 289, 291, 292, 293, 305, 306, 307, 309, 311, 312, 314, 315, 317, 318, 319], "excluded_lines": []}, "": {"executed_lines": [], "summary": {"covered_lines": 0, "num_statements": 28, "percent_covered": 0.0, "percent_covered_display": "0", "missing_lines": 28, "excluded_lines": 0}, "missing_lines": [9, 10, 11, 12, 13, 16, 19, 30, 53, 86, 123, 141, 196, 260, 295, 322, 324, 326, 329, 330, 333, 334, 337, 338, 339, 342, 343, 344], "excluded_lines": []}}}, "src\\anomaly_detector.py": {"executed_lines": [], "summary": {"covered_lines": 0, "num_statements": 90, "percent_covered": 0.0, "percent_covered_display": "0", "missing_lines": 90, "excluded_lines": 0}, "missing_lines": [5, 6, 7, 9, 10, 12, 13, 21, 22, 23, 25, 32, 33, 34, 37, 39, 41, 42, 44, 45, 54, 55, 57, 58, 67, 69, 70, 71, 73, 80, 81, 83, 84, 87, 88, 89, 92, 93, 98, 99, 106, 108, 109, 110, 112, 119, 121, 122, 125, 127, 128, 134, 141, 144, 145, 146, 149, 150, 151, 154, 155, 156, 158, 159, 161, 163, 170, 173, 174, 175, 178, 183, 185, 188, 189, 190, 191, 192, 194, 195, 197, 198, 199, 200, 202, 204, 205, 206, 207, 208], "excluded_lines": [], "functions": {"AnomalyDetector.__init__": {"executed_lines": [], "summary": {"covered_lines": 0, "num_statements": 3, "percent_covered": 0.0, "percent_covered_display": "0", "missing_lines": 3, "excluded_lines": 0}, "missing_lines": [21, 22, 23], "excluded_lines": []}, "AnomalyDetector.check_daily_loss": {"executed_lines": [], "summary": {"covered_lines": 0, "num_statements": 17, "percent_covered": 0.0, "percent_covered_display": "0", "missing_lines": 17, "excluded_lines": 0}, "missing_lines": [32, 33, 34, 37, 39, 41, 42, 44, 45, 54, 55, 57, 58, 67, 69, 70, 71], "excluded_lines": []}, "AnomalyDetector.check_volatility_spike": {"executed_lines": [], "summary": {"covered_lines": 0, "num_statements": 15, "percent_covered": 0.0, "percent_covered_display": "0", "missing_lines": 15, "excluded_lines": 0}, "missing_lines": [80, 81, 83, 84, 87, 88, 89, 92, 93, 98, 99, 106, 108, 109, 110], "excluded_lines": []}, "AnomalyDetector.check_system_health": {"executed_lines": [], "summary": {"covered_lines": 0, "num_statements": 6, "percent_covered": 0.0, "percent_covered_display": "0", "missing_lines": 6, "excluded_lines": 0}, "missing_lines": [119, 121, 122, 125, 127, 128], "excluded_lines": []}, "AnomalyDetector.run_all_checks": {"executed_lines": [], "summary": {"covered_lines": 0, "num_statements": 13, "percent_covered": 0.0, "percent_covered_display": "0", "missing_lines": 13, "excluded_lines": 0}, "missing_lines": [141, 144, 145, 146, 149, 150, 151, 154, 155, 156, 158, 159, 161], "excluded_lines": []}, "AnomalyDetector.send_alert": {"executed_lines": [], "summary": {"covered_lines": 0, "num_statements": 18, "percent_covered": 0.0, "percent_covered_display": "0", "missing_lines": 18, "excluded_lines": 0}, "missing_lines": [170, 173, 174, 175, 178, 183, 185, 188, 189, 190, 191, 192, 194, 195, 197, 198, 199, 200], "excluded_lines": []}, "": {"executed_lines": [], "summary": {"covered_lines": 0, "num_statements": 18, "percent_covered": 0.0, "percent_covered_display": "0", "missing_lines": 18, "excluded_lines": 0}, "missing_lines": [5, 6, 7, 9, 10, 12, 13, 25, 73, 112, 134, 163, 202, 204, 205, 206, 207, 208], "excluded_lines": []}}, "classes": {"AnomalyDetector": {"executed_lines": [], "summary": {"covered_lines": 0, "num_statements": 72, "percent_covered": 0.0, "percent_covered_display": "0", "missing_lines": 72, "excluded_lines": 0}, "missing_lines": [21, 22, 23, 32, 33, 34, 37, 39, 41, 42, 44, 45, 54, 55, 57, 58, 67, 69, 70, 71, 80, 81, 83, 84, 87, 88, 89, 92, 93, 98, 99, 106, 108, 109, 110, 119, 121, 122, 125, 127, 128, 141, 144, 145, 146, 149, 150, 151, 154, 155, 156, 158, 159, 161, 170, 173, 174, 175, 178, 183, 185, 188, 189, 190, 191, 192, 194, 195, 197, 198, 199, 200], "excluded_lines": []}, "": {"executed_lines": [], "summary": {"covered_lines": 0, "num_statements": 18, "percent_covered": 0.0, "percent_covered_display": "0", "missing_lines": 18, "excluded_lines": 0}, "missing_lines": [5, 6, 7, 9, 10, 12, 13, 25, 73, 112, 134, 163, 202, 204, 205, 206, 207, 208], "excluded_lines": []}}}, "src\\async_data_loader.py": {"executed_lines": [1, 8, 9, 10, 11, 12, 13, 14, 15, 16, 19, 21, 24, 25, 27, 28, 30, 48, 50, 51, 53, 56, 67, 68, 77, 78, 80, 98, 100, 101, 102, 105, 109, 110, 111, 129, 130, 131, 133, 135, 147, 148, 150, 169, 171, 172, 173, 176, 177, 179, 180, 183, 184, 185, 188, 189, 192, 193, 195, 215, 217, 218, 223, 231, 237, 238, 240, 241, 242, 243, 246, 248, 258, 259, 267, 271, 273, 276, 277, 278, 281, 304, 305, 308], "summary": {"covered_lines": 82, "num_statements": 143, "percent_covered": 57.34265734265734, "percent_covered_display": "57", "missing_lines": 61, "excluded_lines": 0}, "missing_lines": [57, 58, 59, 60, 61, 62, 63, 79, 82, 84, 85, 86, 87, 88, 89, 91, 92, 94, 95, 96, 106, 107, 114, 123, 124, 126, 127, 186, 187, 190, 219, 220, 226, 227, 229, 249, 250, 251, 252, 253, 254, 255, 260, 261, 263, 264, 265, 310, 312, 314, 315, 317, 318, 319, 321, 322, 323, 324, 326, 327, 328], "excluded_lines": [], "functions": {"AsyncDataLoader.__init__": {"executed_lines": [28], "summary": {"covered_lines": 1, "num_statements": 1, "percent_covered": 100.0, "percent_covered_display": "100", "missing_lines": 0, "excluded_lines": 0}, "missing_lines": [], "excluded_lines": []}, "AsyncDataLoader.fetch_ticker_async": {"executed_lines": [48, 50, 51, 53, 56, 67, 68, 77, 78, 80], "summary": {"covered_lines": 10, "num_statements": 30, "percent_covered": 33.333333333333336, "percent_covered_display": "33", "missing_lines": 20, "excluded_lines": 0}, "missing_lines": [57, 58, 59, 60, 61, 62, 63, 79, 82, 84, 85, 86, 87, 88, 89, 91, 92, 94, 95, 96], "excluded_lines": []}, "AsyncDataLoader._download_yfinance": {"executed_lines": [100, 101, 102, 105, 109, 110, 111, 129, 130, 131], "summary": {"covered_lines": 10, "num_statements": 17, "percent_covered": 58.8235294117647, "percent_covered_display": "59", "missing_lines": 7, "excluded_lines": 0}, "missing_lines": [106, 107, 114, 123, 124, 126, 127], "excluded_lines": []}, "AsyncDataLoader._parse_period": {"executed_lines": [135, 147, 148], "summary": {"covered_lines": 3, "num_statements": 3, "percent_covered": 100.0, "percent_covered_display": "100", "missing_lines": 0, "excluded_lines": 0}, "missing_lines": [], "excluded_lines": []}, "AsyncDataLoader.fetch_multiple_async": {"executed_lines": [169, 171, 176, 177, 179, 180, 183, 184, 185, 188, 189, 192, 193], "summary": {"covered_lines": 13, "num_statements": 16, "percent_covered": 81.25, "percent_covered_display": "81", "missing_lines": 3, "excluded_lines": 0}, "missing_lines": [186, 187, 190], "excluded_lines": []}, "AsyncDataLoader.fetch_multiple_async.fetch_with_semaphore": {"executed_lines": [172, 173], "summary": {"covered_lines": 2, "num_statements": 2, "percent_covered": 100.0, "percent_covered_display": "100", "missing_lines": 0, "excluded_lines": 0}, "missing_lines": [], "excluded_lines": []}, "AsyncDataLoader.fetch_multiple_sync": {"executed_lines": [215, 217, 218, 223], "summary": {"covered_lines": 4, "num_statements": 9, "percent_covered": 44.44444444444444, "percent_covered_display": "44", "missing_lines": 5, "excluded_lines": 0}, "missing_lines": [219, 220, 226, 227, 229], "excluded_lines": []}, "AsyncDataLoader._fetch_multiple_fallback": {"executed_lines": [237, 238, 240, 241, 242, 243, 246, 248, 258, 259, 267], "summary": {"covered_lines": 11, "num_statements": 23, "percent_covered": 47.82608695652174, "percent_covered_display": "48", "missing_lines": 12, "excluded_lines": 0}, "missing_lines": [249, 250, 251, 252, 253, 254, 255, 260, 261, 263, 264, 265], "excluded_lines": []}, "get_async_loader": {"executed_lines": [276, 277, 278], "summary": {"covered_lines": 3, "num_statements": 3, "percent_covered": 100.0, "percent_covered_display": "100", "missing_lines": 0, "excluded_lines": 0}, "missing_lines": [], "excluded_lines": []}, "fetch_stock_data_async": {"executed_lines": [304, 305], "summary": {"covered_lines": 2, "num_statements": 2, "percent_covered": 100.0, "percent_covered_display": "100", "missing_lines": 0, "excluded_lines": 0}, "missing_lines": [], "excluded_lines": []}, "": {"executed_lines": [1, 8, 9, 10, 11, 12, 13, 14, 15, 16, 19, 21, 24, 25, 27, 30, 98, 133, 150, 195, 231, 271, 273, 281, 308], "summary": {"covered_lines": 23, "num_statements": 37, "percent_covered": 62.16216216216216, "percent_covered_display": "62", "missing_lines": 14, "excluded_lines": 0}, "missing_lines": [310, 312, 314, 315, 317, 318, 319, 321, 322, 323, 324, 326, 327, 328], "excluded_lines": []}}, "classes": {"AsyncDataLoader": {"executed_lines": [28, 48, 50, 51, 53, 56, 67, 68, 77, 78, 80, 100, 101, 102, 105, 109, 110, 111, 129, 130, 131, 135, 147, 148, 169, 171, 172, 173, 176, 177, 179, 180, 183, 184, 185, 188, 189, 192, 193, 215, 217, 218, 223, 237, 238, 240, 241, 242, 243, 246, 248, 258, 259, 267], "summary": {"covered_lines": 54, "num_statements": 101, "percent_covered": 53.46534653465346, "percent_covered_display": "53", "missing_lines": 47, "excluded_lines": 0}, "missing_lines": [57, 58, 59, 60, 61, 62, 63, 79, 82, 84, 85, 86, 87, 88, 89, 91, 92, 94, 95, 96, 106, 107, 114, 123, 124, 126, 127, 186, 187, 190, 219, 220, 226, 227, 229, 249, 250, 251, 252, 253, 254, 255, 260, 261, 263, 264, 265], "excluded_lines": []}, "": {"executed_lines": [1, 8, 9, 10, 11, 12, 13, 14, 15, 16, 19, 21, 24, 25, 27, 30, 98, 133, 150, 195, 231, 271, 273, 276, 277, 278, 281, 304, 305, 308], "summary": {"covered_lines": 28, "num_statements": 42, "percent_covered": 66.66666666666667, "percent_covered_display": "67", "missing_lines": 14, "excluded_lines": 0}, "missing_lines": [310, 312, 314, 315, 317, 318, 319, 321, 322, 323, 324, 326, 327, 328], "excluded_lines": []}}}, "src\\auth.py": {"executed_lines": [1, 5, 6, 7, 8, 9, 10, 13, 14, 15, 16, 17, 18, 19, 20, 21, 22, 25, 26, 28, 29, 31, 32, 33, 34, 36, 38, 39, 41, 55, 67, 68, 70, 72, 74, 75, 77, 79, 81, 83, 84, 86, 89, 92, 95, 97, 100, 101, 102, 104, 106, 107, 109, 110, 115, 116, 117, 118, 119, 121, 123, 124, 126, 127, 129, 130, 141, 143, 144, 146, 151, 153, 155, 156, 158, 164, 168, 169, 171, 172, 178, 180, 182, 183, 185, 191, 193, 195, 201, 204, 205, 207, 212, 214, 216, 218, 219, 222, 223, 225, 230, 232, 233, 234, 240, 243, 244, 246, 248, 252, 253, 254, 256, 257, 259, 261, 262, 264, 266, 267, 269, 271, 273, 274, 276, 280, 281, 283, 285, 295], "summary": {"covered_lines": 127, "num_statements": 152, "percent_covered": 83.55263157894737, "percent_covered_display": "84", "missing_lines": 25, "excluded_lines": 0}, "missing_lines": [87, 90, 93, 139, 235, 236, 237, 238, 249, 250, 287, 289, 290, 291, 297, 300, 301, 304, 305, 308, 309, 312, 313, 316, 317], "excluded_lines": [], "functions": {"AuthManager.__init__": {"executed_lines": [32, 33, 34], "summary": {"covered_lines": 3, "num_statements": 3, "percent_covered": 100.0, "percent_covered_display": "100", "missing_lines": 0, "excluded_lines": 0}, "missing_lines": [], "excluded_lines": []}, "AuthManager._init_database": {"executed_lines": [38, 39, 41, 55, 67, 68, 70], "summary": {"covered_lines": 7, "num_statements": 7, "percent_covered": 100.0, "percent_covered_display": "100", "missing_lines": 0, "excluded_lines": 0}, "missing_lines": [], "excluded_lines": []}, "AuthManager.hash_password": {"executed_lines": [74, 75], "summary": {"covered_lines": 2, "num_statements": 2, "percent_covered": 100.0, "percent_covered_display": "100", "missing_lines": 0, "excluded_lines": 0}, "missing_lines": [], "excluded_lines": []}, "AuthManager.verify_password": {"executed_lines": [79], "summary": {"covered_lines": 1, "num_statements": 1, "percent_covered": 100.0, "percent_covered_display": "100", "missing_lines": 0, "excluded_lines": 0}, "missing_lines": [], "excluded_lines": []}, "AuthManager.check_password_strength": {"executed_lines": [83, 84, 86, 89, 92, 95], "summary": {"covered_lines": 6, "num_statements": 9, "percent_covered": 66.66666666666667, "percent_covered_display": "67", "missing_lines": 3, "excluded_lines": 0}, "missing_lines": [87, 90, 93], "excluded_lines": []}, "AuthManager.create_user": {"executed_lines": [100, 101, 102, 104, 106, 107, 109, 110, 115, 116, 117, 118, 119], "summary": {"covered_lines": 13, "num_statements": 13, "percent_covered": 100.0, "percent_covered_display": "100", "missing_lines": 0, "excluded_lines": 0}, "missing_lines": [], "excluded_lines": []}, "AuthManager.get_user": {"executed_lines": [123, 124, 126, 127, 129, 130], "summary": {"covered_lines": 6, "num_statements": 7, "percent_covered": 85.71428571428571, "percent_covered_display": "86", "missing_lines": 1, "excluded_lines": 0}, "missing_lines": [139], "excluded_lines": []}, "AuthManager.is_account_locked": {"executed_lines": [143, 144, 146, 151], "summary": {"covered_lines": 4, "num_statements": 4, "percent_covered": 100.0, "percent_covered_display": "100", "missing_lines": 0, "excluded_lines": 0}, "missing_lines": [], "excluded_lines": []}, "AuthManager.record_failed_login": {"executed_lines": [155, 156, 158, 164, 168, 169, 171, 172, 178], "summary": {"covered_lines": 9, "num_statements": 9, "percent_covered": 100.0, "percent_covered_display": "100", "missing_lines": 0, "excluded_lines": 0}, "missing_lines": [], "excluded_lines": []}, "AuthManager.reset_failed_login": {"executed_lines": [182, 183, 185, 191], "summary": {"covered_lines": 4, "num_statements": 4, "percent_covered": 100.0, "percent_covered_display": "100", "missing_lines": 0, "excluded_lines": 0}, "missing_lines": [], "excluded_lines": []}, "AuthManager.create_token": {"executed_lines": [195, 201, 204, 205, 207, 212, 214], "summary": {"covered_lines": 7, "num_statements": 7, "percent_covered": 100.0, "percent_covered_display": "100", "missing_lines": 0, "excluded_lines": 0}, "missing_lines": [], "excluded_lines": []}, "AuthManager.verify_token": {"executed_lines": [218, 219, 222, 223, 225, 230, 232, 233, 234], "summary": {"covered_lines": 9, "num_statements": 13, "percent_covered": 69.23076923076923, "percent_covered_display": "69", "missing_lines": 4, "excluded_lines": 0}, "missing_lines": [235, 236, 237, 238], "excluded_lines": []}, "AuthManager.login": {"executed_lines": [243, 244, 246, 248, 252, 253, 254, 256, 257], "summary": {"covered_lines": 9, "num_statements": 11, "percent_covered": 81.81818181818181, "percent_covered_display": "82", "missing_lines": 2, "excluded_lines": 0}, "missing_lines": [249, 250], "excluded_lines": []}, "AuthManager.logout": {"executed_lines": [261, 262, 264, 266, 267, 269], "summary": {"covered_lines": 6, "num_statements": 6, "percent_covered": 100.0, "percent_covered_display": "100", "missing_lines": 0, "excluded_lines": 0}, "missing_lines": [], "excluded_lines": []}, "AuthManager.cleanup_expired_sessions": {"executed_lines": [273, 274, 276, 280, 281, 283], "summary": {"covered_lines": 6, "num_statements": 6, "percent_covered": 100.0, "percent_covered_display": "100", "missing_lines": 0, "excluded_lines": 0}, "missing_lines": [], "excluded_lines": []}, "AuthManager.require_auth": {"executed_lines": [], "summary": {"covered_lines": 0, "num_statements": 4, "percent_covered": 0.0, "percent_covered_display": "0", "missing_lines": 4, "excluded_lines": 0}, "missing_lines": [287, 289, 290, 291], "excluded_lines": []}, "": {"executed_lines": [1, 5, 6, 7, 8, 9, 10, 13, 14, 15, 16, 17, 18, 19, 20, 21, 22, 25, 26, 28, 29, 31, 36, 72, 77, 81, 97, 121, 141, 153, 180, 193, 216, 240, 259, 271, 285, 295], "summary": {"covered_lines": 35, "num_statements": 46, "percent_covered": 76.08695652173913, "percent_covered_display": "76", "missing_lines": 11, "excluded_lines": 0}, "missing_lines": [297, 300, 301, 304, 305, 308, 309, 312, 313, 316, 317], "excluded_lines": []}}, "classes": {"User": {"executed_lines": [], "summary": {"covered_lines": 0, "num_statements": 0, "percent_covered": 100.0, "percent_covered_display": "100", "missing_lines": 0, "excluded_lines": 0}, "missing_lines": [], "excluded_lines": []}, "AuthManager": {"executed_lines": [32, 33, 34, 38, 39, 41, 55, 67, 68, 70, 74, 75, 79, 83, 84, 86, 89, 92, 95, 100, 101, 102, 104, 106, 107, 109, 110, 115, 116, 117, 118, 119, 123, 124, 126, 127, 129, 130, 143, 144, 146, 151, 155, 156, 158, 164, 168, 169, 171, 172, 178, 182, 183, 185, 191, 195, 201, 204, 205, 207, 212, 214, 218, 219, 222, 223, 225, 230, 232, 233, 234, 243, 244, 246, 248, 252, 253, 254, 256, 257, 261, 262, 264, 266, 267, 269, 273, 274, 276, 280, 281, 283], "summary": {"covered_lines": 92, "num_statements": 106, "percent_covered": 86.79245283018868, "percent_covered_display": "87", "missing_lines": 14, "excluded_lines": 0}, "missing_lines": [87, 90, 93, 139, 235, 236, 237, 238, 249, 250, 287, 289, 290, 291], "excluded_lines": []}, "": {"executed_lines": [1, 5, 6, 7, 8, 9, 10, 13, 14, 15, 16, 17, 18, 19, 20, 21, 22, 25, 26, 28, 29, 31, 36, 72, 77, 81, 97, 121, 141, 153, 180, 193, 216, 240, 259, 271, 285, 295], "summary": {"covered_lines": 35, "num_statements": 46, "percent_covered": 76.08695652173913, "percent_covered_display": "76", "missing_lines": 11, "excluded_lines": 0}, "missing_lines": [297, 300, 301, 304, 305, 308, 309, 312, 313, 316, 317], "excluded_lines": []}}}, "src\\auto_rebalancer.py": {"executed_lines": [], "summary": {"covered_lines": 0, "num_statements": 132, "percent_covered": 0.0, "percent_covered_display": "0", "missing_lines": 132, "excluded_lines": 0}, "missing_lines": [5, 6, 7, 8, 9, 10, 12, 13, 15, 16, 22, 23, 24, 25, 27, 34, 36, 37, 39, 42, 43, 44, 49, 50, 51, 54, 57, 58, 59, 60, 61, 62, 63, 64, 66, 68, 69, 71, 73, 74, 75, 77, 92, 106, 108, 109, 110, 113, 115, 116, 119, 124, 125, 126, 129, 132, 133, 135, 136, 137, 140, 141, 142, 144, 146, 147, 148, 150, 151, 152, 154, 156, 157, 158, 160, 170, 172, 173, 174, 176, 177, 178, 181, 183, 184, 185, 188, 189, 191, 192, 195, 196, 197, 198, 200, 201, 202, 205, 207, 208, 222, 224, 231, 234, 236, 237, 238, 241, 242, 244, 245, 252, 253, 254, 256, 258, 259, 260, 262, 263, 264, 265, 267, 268, 270, 272, 273, 274, 275, 276, 277, 278], "excluded_lines": [], "functions": {"AutoRebalancer.__init__": {"executed_lines": [], "summary": {"covered_lines": 0, "num_statements": 4, "percent_covered": 0.0, "percent_covered_display": "0", "missing_lines": 4, "excluded_lines": 0}, "missing_lines": [22, 23, 24, 25], "excluded_lines": []}, "AutoRebalancer.check_rebalance_needed": {"executed_lines": [], "summary": {"covered_lines": 0, "num_statements": 26, "percent_covered": 0.0, "percent_covered_display": "0", "missing_lines": 26, "excluded_lines": 0}, "missing_lines": [34, 36, 37, 39, 42, 43, 44, 49, 50, 51, 54, 57, 58, 59, 60, 61, 62, 63, 64, 66, 68, 69, 71, 73, 74, 75], "excluded_lines": []}, "AutoRebalancer.suggest_replacement": {"executed_lines": [], "summary": {"covered_lines": 0, "num_statements": 32, "percent_covered": 0.0, "percent_covered_display": "0", "missing_lines": 32, "excluded_lines": 0}, "missing_lines": [92, 106, 108, 109, 110, 113, 115, 116, 119, 124, 125, 126, 129, 132, 133, 135, 136, 137, 140, 141, 142, 144, 146, 147, 148, 150, 151, 152, 154, 156, 157, 158], "excluded_lines": []}, "AutoRebalancer.execute_rebalance": {"executed_lines": [], "summary": {"covered_lines": 0, "num_statements": 49, "percent_covered": 0.0, "percent_covered_display": "0", "missing_lines": 49, "excluded_lines": 0}, "missing_lines": [170, 172, 173, 174, 176, 177, 178, 181, 183, 184, 185, 188, 189, 191, 192, 195, 196, 197, 198, 200, 201, 202, 205, 207, 208, 222, 224, 231, 234, 236, 237, 238, 241, 242, 244, 245, 252, 253, 254, 256, 258, 259, 260, 262, 263, 264, 265, 267, 268], "excluded_lines": []}, "": {"executed_lines": [], "summary": {"covered_lines": 0, "num_statements": 21, "percent_covered": 0.0, "percent_covered_display": "0", "missing_lines": 21, "excluded_lines": 0}, "missing_lines": [5, 6, 7, 8, 9, 10, 12, 13, 15, 16, 27, 77, 160, 270, 272, 273, 274, 275, 276, 277, 278], "excluded_lines": []}}, "classes": {"AutoRebalancer": {"executed_lines": [], "summary": {"covered_lines": 0, "num_statements": 111, "percent_covered": 0.0, "percent_covered_display": "0", "missing_lines": 111, "excluded_lines": 0}, "missing_lines": [22, 23, 24, 25, 34, 36, 37, 39, 42, 43, 44, 49, 50, 51, 54, 57, 58, 59, 60, 61, 62, 63, 64, 66, 68, 69, 71, 73, 74, 75, 92, 106, 108, 109, 110, 113, 115, 116, 119, 124, 125, 126, 129, 132, 133, 135, 136, 137, 140, 141, 142, 144, 146, 147, 148, 150, 151, 152, 154, 156, 157, 158, 170, 172, 173, 174, 176, 177, 178, 181, 183, 184, 185, 188, 189, 191, 192, 195, 196, 197, 198, 200, 201, 202, 205, 207, 208, 222, 224, 231, 234, 236, 237, 238, 241, 242, 244, 245, 252, 253, 254, 256, 258, 259, 260, 262, 263, 264, 265, 267, 268], "excluded_lines": []}, "": {"executed_lines": [], "summary": {"covered_lines": 0, "num_statements": 21, "percent_covered": 0.0, "percent_covered_display": "0", "missing_lines": 21, "excluded_lines": 0}, "missing_lines": [5, 6, 7, 8, 9, 10, 12, 13, 15, 16, 27, 77, 160, 270, 272, 273, 274, 275, 276, 277, 278], "excluded_lines": []}}}, "src\\auto_trader_ui.py": {"executed_lines": [2, 3, 4, 5, 6, 7, 8, 9, 11, 29, 38, 42, 59, 132, 133, 135, 136, 138, 139, 140, 142, 143, 145, 146, 148, 150, 151, 153, 154, 155, 157, 158, 159], "summary": {"covered_lines": 33, "num_statements": 107, "percent_covered": 30.8411214953271, "percent_covered_display": "31", "missing_lines": 74, "excluded_lines": 0}, "missing_lines": [12, 13, 15, 16, 18, 20, 21, 23, 24, 26, 27, 30, 31, 32, 33, 34, 35, 36, 39, 40, 43, 44, 46, 48, 49, 51, 53, 54, 56, 60, 62, 63, 65, 66, 67, 68, 69, 70, 71, 73, 74, 75, 77, 78, 80, 81, 82, 83, 84, 85, 86, 87, 88, 89, 90, 91, 94, 95, 97, 99, 107, 108, 109, 110, 112, 113, 114, 117, 125, 126, 127, 128, 129, 144], "excluded_lines": [], "functions": {"create_auto_trader_ui": {"executed_lines": [], "summary": {"covered_lines": 0, "num_statements": 11, "percent_covered": 0.0, "percent_covered_display": "0", "missing_lines": 11, "excluded_lines": 0}, "missing_lines": [12, 13, 15, 16, 18, 20, 21, 23, 24, 26, 27], "excluded_lines": []}, "load_config": {"executed_lines": [], "summary": {"covered_lines": 0, "num_statements": 7, "percent_covered": 0.0, "percent_covered_display": "0", "missing_lines": 7, "excluded_lines": 0}, "missing_lines": [30, 31, 32, 33, 34, 35, 36], "excluded_lines": []}, "save_config": {"executed_lines": [], "summary": {"covered_lines": 0, "num_statements": 2, "percent_covered": 0.0, "percent_covered_display": "0", "missing_lines": 2, "excluded_lines": 0}, "missing_lines": [39, 40], "excluded_lines": []}, "render_status_card": {"executed_lines": [], "summary": {"covered_lines": 0, "num_statements": 9, "percent_covered": 0.0, "percent_covered_display": "0", "missing_lines": 9, "excluded_lines": 0}, "missing_lines": [43, 44, 46, 48, 49, 51, 53, 54, 56], "excluded_lines": []}, "render_control_center": {"executed_lines": [], "summary": {"covered_lines": 0, "num_statements": 44, "percent_covered": 0.0, "percent_covered_display": "0", "missing_lines": 44, "excluded_lines": 0}, "missing_lines": [60, 62, 63, 65, 66, 67, 68, 69, 70, 71, 73, 74, 75, 77, 78, 80, 81, 82, 83, 84, 85, 86, 87, 88, 89, 90, 91, 94, 95, 97, 99, 107, 108, 109, 110, 112, 113, 114, 117, 125, 126, 127, 128, 129], "excluded_lines": []}, "render_todays_summary": {"executed_lines": [133, 135, 136, 138, 139, 140, 142, 143, 145, 146, 148, 150, 151, 153, 154, 155, 157, 158, 159], "summary": {"covered_lines": 19, "num_statements": 20, "percent_covered": 95.0, "percent_covered_display": "95", "missing_lines": 1, "excluded_lines": 0}, "missing_lines": [144], "excluded_lines": []}, "": {"executed_lines": [2, 3, 4, 5, 6, 7, 8, 9, 11, 29, 38, 42, 59, 132], "summary": {"covered_lines": 14, "num_statements": 14, "percent_covered": 100.0, "percent_covered_display": "100", "missing_lines": 0, "excluded_lines": 0}, "missing_lines": [], "excluded_lines": []}}, "classes": {"": {"executed_lines": [2, 3, 4, 5, 6, 7, 8, 9, 11, 29, 38, 42, 59, 132, 133, 135, 136, 138, 139, 140, 142, 143, 145, 146, 148, 150, 151, 153, 154, 155, 157, 158, 159], "summary": {"covered_lines": 33, "num_statements": 107, "percent_covered": 30.8411214953271, "percent_covered_display": "31", "missing_lines": 74, "excluded_lines": 0}, "missing_lines": [12, 13, 15, 16, 18, 20, 21, 23, 24, 26, 27, 30, 31, 32, 33, 34, 35, 36, 39, 40, 43, 44, 46, 48, 49, 51, 53, 54, 56, 60, 62, 63, 65, 66, 67, 68, 69, 70, 71, 73, 74, 75, 77, 78, 80, 81, 82, 83, 84, 85, 86, 87, 88, 89, 90, 91, 94, 95, 97, 99, 107, 108, 109, 110, 112, 113, 114, 117, 125, 126, 127, 128, 129, 144], "excluded_lines": []}}}, "src\\backtest_engine.py": {"executed_lines": [], "summary": {"covered_lines": 0, "num_statements": 45, "percent_covered": 0.0, "percent_covered_display": "0", "missing_lines": 45, "excluded_lines": 0}, "missing_lines": [1, 2, 3, 4, 5, 7, 8, 9, 10, 12, 17, 18, 19, 22, 25, 27, 28, 33, 34, 37, 38, 41, 43, 44, 46, 48, 51, 52, 53, 54, 57, 58, 59, 60, 61, 62, 63, 65, 67, 71, 73, 74, 75, 76, 86], "excluded_lines": [], "functions": {"HistoricalBacktester.__init__": {"executed_lines": [], "summary": {"covered_lines": 0, "num_statements": 2, "percent_covered": 0.0, "percent_covered_display": "0", "missing_lines": 2, "excluded_lines": 0}, "missing_lines": [9, 10], "excluded_lines": []}, "HistoricalBacktester.run_test": {"executed_lines": [], "summary": {"covered_lines": 0, "num_statements": 28, "percent_covered": 0.0, "percent_covered_display": "0", "missing_lines": 28, "excluded_lines": 0}, "missing_lines": [17, 18, 19, 22, 25, 27, 28, 33, 34, 37, 38, 41, 43, 44, 46, 48, 51, 52, 53, 54, 57, 58, 59, 60, 61, 62, 63, 65], "excluded_lines": []}, "HistoricalBacktester.compare_strategies": {"executed_lines": [], "summary": {"covered_lines": 0, "num_statements": 6, "percent_covered": 0.0, "percent_covered_display": "0", "missing_lines": 6, "excluded_lines": 0}, "missing_lines": [71, 73, 74, 75, 76, 86], "excluded_lines": []}, "": {"executed_lines": [], "summary": {"covered_lines": 0, "num_statements": 9, "percent_covered": 0.0, "percent_covered_display": "0", "missing_lines": 9, "excluded_lines": 0}, "missing_lines": [1, 2, 3, 4, 5, 7, 8, 12, 67], "excluded_lines": []}}, "classes": {"HistoricalBacktester": {"executed_lines": [], "summary": {"covered_lines": 0, "num_statements": 36, "percent_covered": 0.0, "percent_covered_display": "0", "missing_lines": 36, "excluded_lines": 0}, "missing_lines": [9, 10, 17, 18, 19, 22, 25, 27, 28, 33, 34, 37, 38, 41, 43, 44, 46, 48, 51, 52, 53, 54, 57, 58, 59, 60, 61, 62, 63, 65, 71, 73, 74, 75, 76, 86], "excluded_lines": []}, "": {"executed_lines": [], "summary": {"covered_lines": 0, "num_statements": 9, "percent_covered": 0.0, "percent_covered_display": "0", "missing_lines": 9, "excluded_lines": 0}, "missing_lines": [1, 2, 3, 4, 5, 7, 8, 12, 67], "excluded_lines": []}}}, "src\\backtest_visualizer.py": {"executed_lines": [], "summary": {"covered_lines": 0, "num_statements": 81, "percent_covered": 0.0, "percent_covered_display": "0", "missing_lines": 81, "excluded_lines": 0}, "missing_lines": [6, 7, 8, 9, 10, 11, 14, 17, 18, 20, 31, 34, 37, 39, 46, 58, 61, 70, 81, 93, 105, 113, 114, 115, 117, 119, 130, 133, 135, 141, 153, 156, 159, 162, 175, 183, 185, 198, 201, 204, 206, 208, 221, 223, 225, 235, 238, 241, 250, 252, 264, 266, 267, 268, 269, 271, 272, 273, 274, 276, 277, 278, 279, 281, 284, 286, 289, 290, 291, 294, 295, 298, 300, 303, 304, 305, 308, 309, 312, 313, 314], "excluded_lines": [], "functions": {"BacktestVisualizer.__init__": {"executed_lines": [], "summary": {"covered_lines": 0, "num_statements": 1, "percent_covered": 0.0, "percent_covered_display": "0", "missing_lines": 1, "excluded_lines": 0}, "missing_lines": [18], "excluded_lines": []}, "BacktestVisualizer.calculate_drawdown": {"executed_lines": [], "summary": {"covered_lines": 0, "num_statements": 4, "percent_covered": 0.0, "percent_covered_display": "0", "missing_lines": 4, "excluded_lines": 0}, "missing_lines": [31, 34, 37, 39], "excluded_lines": []}, "BacktestVisualizer.create_drawdown_chart": {"executed_lines": [], "summary": {"covered_lines": 0, "num_statements": 10, "percent_covered": 0.0, "percent_covered_display": "0", "missing_lines": 10, "excluded_lines": 0}, "missing_lines": [58, 61, 70, 81, 93, 105, 113, 114, 115, 117], "excluded_lines": []}, "BacktestVisualizer.calculate_monthly_returns": {"executed_lines": [], "summary": {"covered_lines": 0, "num_statements": 3, "percent_covered": 0.0, "percent_covered_display": "0", "missing_lines": 3, "excluded_lines": 0}, "missing_lines": [130, 133, 135], "excluded_lines": []}, "BacktestVisualizer.create_monthly_returns_heatmap": {"executed_lines": [], "summary": {"covered_lines": 0, "num_statements": 6, "percent_covered": 0.0, "percent_covered_display": "0", "missing_lines": 6, "excluded_lines": 0}, "missing_lines": [153, 156, 159, 162, 175, 183], "excluded_lines": []}, "BacktestVisualizer.calculate_rolling_sharpe": {"executed_lines": [], "summary": {"covered_lines": 0, "num_statements": 4, "percent_covered": 0.0, "percent_covered_display": "0", "missing_lines": 4, "excluded_lines": 0}, "missing_lines": [198, 201, 204, 206], "excluded_lines": []}, "BacktestVisualizer.create_rolling_sharpe_chart": {"executed_lines": [], "summary": {"covered_lines": 0, "num_statements": 7, "percent_covered": 0.0, "percent_covered_display": "0", "missing_lines": 7, "excluded_lines": 0}, "missing_lines": [221, 223, 225, 235, 238, 241, 250], "excluded_lines": []}, "BacktestVisualizer.create_comprehensive_report": {"executed_lines": [], "summary": {"covered_lines": 0, "num_statements": 14, "percent_covered": 0.0, "percent_covered_display": "0", "missing_lines": 14, "excluded_lines": 0}, "missing_lines": [264, 266, 267, 268, 269, 271, 272, 273, 274, 276, 277, 278, 279, 281], "excluded_lines": []}, "": {"executed_lines": [], "summary": {"covered_lines": 0, "num_statements": 32, "percent_covered": 0.0, "percent_covered_display": "0", "missing_lines": 32, "excluded_lines": 0}, "missing_lines": [6, 7, 8, 9, 10, 11, 14, 17, 20, 46, 119, 141, 185, 208, 252, 284, 286, 289, 290, 291, 294, 295, 298, 300, 303, 304, 305, 308, 309, 312, 313, 314], "excluded_lines": []}}, "classes": {"BacktestVisualizer": {"executed_lines": [], "summary": {"covered_lines": 0, "num_statements": 49, "percent_covered": 0.0, "percent_covered_display": "0", "missing_lines": 49, "excluded_lines": 0}, "missing_lines": [18, 31, 34, 37, 39, 58, 61, 70, 81, 93, 105, 113, 114, 115, 117, 130, 133, 135, 153, 156, 159, 162, 175, 183, 198, 201, 204, 206, 221, 223, 225, 235, 238, 241, 250, 264, 266, 267, 268, 269, 271, 272, 273, 274, 276, 277, 278, 279, 281], "excluded_lines": []}, "": {"executed_lines": [], "summary": {"covered_lines": 0, "num_statements": 32, "percent_covered": 0.0, "percent_covered_display": "0", "missing_lines": 32, "excluded_lines": 0}, "missing_lines": [6, 7, 8, 9, 10, 11, 14, 17, 20, 46, 119, 141, 185, 208, 252, 284, 286, 289, 290, 291, 294, 295, 298, 300, 303, 304, 305, 308, 309, 312, 313, 314], "excluded_lines": []}}}, "src\\backtester.py": {"executed_lines": [1, 2, 3, 4, 7, 8, 24, 32, 33, 34, 35, 36, 38, 42, 43, 45, 46, 47, 49, 63, 64, 65, 66, 69, 72, 73, 75, 77, 78, 80, 82, 86, 87, 88, 90, 91, 92, 97, 98, 101, 102, 103, 104, 105, 106, 107, 108, 111, 112, 113, 114, 115, 118, 121, 122, 123, 124, 125, 129, 130, 131, 132, 134, 135, 136, 137, 138, 139, 140, 143, 144, 146, 147, 150, 151, 152, 155, 156, 166, 167, 168, 169, 170, 171, 172, 175, 176, 186, 187, 188, 189, 190, 191, 192, 195, 196, 206, 207, 208, 209, 210, 211, 212, 215, 216, 217, 218, 219, 228, 229, 230, 231, 232, 251, 253, 257, 258, 260, 261, 262, 265, 267, 268, 269, 275, 278, 280, 281, 282, 290, 292, 293, 294, 295, 296, 298, 299, 324, 325, 327, 328, 329, 330, 332, 333, 334, 335, 337, 338, 339, 344, 345, 346, 347, 348, 350, 351, 352, 353, 354, 357, 358, 359, 360, 361, 362, 363, 364, 365, 369, 370, 371, 372, 373, 375, 376, 377, 378, 379, 380, 382, 383, 386, 387, 388, 389, 390, 391, 392, 396, 397, 398, 399, 400, 401, 402, 403, 404, 406, 409, 411, 414, 416], "summary": {"covered_lines": 202, "num_statements": 232, "percent_covered": 87.06896551724138, "percent_covered_display": "87", "missing_lines": 30, "excluded_lines": 0}, "missing_lines": [83, 89, 94, 233, 234, 235, 245, 246, 247, 248, 254, 272, 273, 274, 285, 286, 287, 300, 302, 303, 304, 305, 306, 307, 309, 310, 311, 320, 321, 322], "excluded_lines": [], "functions": {"Backtester.__init__": {"executed_lines": [32, 33, 34, 35, 36], "summary": {"covered_lines": 5, "num_statements": 5, "percent_covered": 100.0, "percent_covered_display": "100", "missing_lines": 0, "excluded_lines": 0}, "missing_lines": [], "excluded_lines": []}, "Backtester._size_position": {"executed_lines": [42, 43, 45, 46, 47], "summary": {"covered_lines": 5, "num_statements": 5, "percent_covered": 100.0, "percent_covered_display": "100", "missing_lines": 0, "excluded_lines": 0}, "missing_lines": [], "excluded_lines": []}, "Backtester.run": {"executed_lines": [63, 64, 65, 66, 69, 72, 73, 75, 77, 78, 80, 82, 86, 87, 88, 90, 91, 92, 97, 98, 101, 102, 103, 104, 105, 106, 107, 108, 111, 112, 113, 114, 115, 118, 121, 122, 123, 124, 125, 129, 130, 131, 132, 134, 135, 136, 137, 138, 139, 140, 143, 144, 146, 147, 150, 151, 152, 155, 156, 166, 167, 168, 169, 170, 171, 172, 175, 176, 186, 187, 188, 189, 190, 191, 192, 195, 196, 206, 207, 208, 209, 210, 211, 212, 215, 216, 217, 218, 219, 228, 229, 230, 231, 232, 251, 253, 257, 258, 260, 261, 262, 265, 267, 268, 269, 275, 278, 280, 281, 282, 290, 292, 293, 294, 295, 296, 298, 299, 324, 325, 327, 328, 329, 330, 332, 333, 334, 335, 337, 338, 339, 344, 345, 346, 347, 348, 350, 351, 352, 353, 354, 357, 358, 359, 360, 361, 362, 363, 364, 365, 369, 370, 371, 372, 373, 375, 376, 377, 378, 379, 380, 382, 383, 386, 387, 388, 389, 390, 391, 392, 396, 397, 398, 399, 400, 401, 402, 403, 404, 406, 409, 411, 414, 416], "summary": {"covered_lines": 184, "num_statements": 214, "percent_covered": 85.98130841121495, "percent_covered_display": "86", "missing_lines": 30, "excluded_lines": 0}, "missing_lines": [83, 89, 94, 233, 234, 235, 245, 246, 247, 248, 254, 272, 273, 274, 285, 286, 287, 300, 302, 303, 304, 305, 306, 307, 309, 310, 311, 320, 321, 322], "excluded_lines": []}, "": {"executed_lines": [1, 2, 3, 4, 7, 8, 24, 38, 49], "summary": {"covered_lines": 8, "num_statements": 8, "percent_covered": 100.0, "percent_covered_display": "100", "missing_lines": 0, "excluded_lines": 0}, "missing_lines": [], "excluded_lines": []}}, "classes": {"Backtester": {"executed_lines": [32, 33, 34, 35, 36, 42, 43, 45, 46, 47, 63, 64, 65, 66, 69, 72, 73, 75, 77, 78, 80, 82, 86, 87, 88, 90, 91, 92, 97, 98, 101, 102, 103, 104, 105, 106, 107, 108, 111, 112, 113, 114, 115, 118, 121, 122, 123, 124, 125, 129, 130, 131, 132, 134, 135, 136, 137, 138, 139, 140, 143, 144, 146, 147, 150, 151, 152, 155, 156, 166, 167, 168, 169, 170, 171, 172, 175, 176, 186, 187, 188, 189, 190, 191, 192, 195, 196, 206, 207, 208, 209, 210, 211, 212, 215, 216, 217, 218, 219, 228, 229, 230, 231, 232, 251, 253, 257, 258, 260, 261, 262, 265, 267, 268, 269, 275, 278, 280, 281, 282, 290, 292, 293, 294, 295, 296, 298, 299, 324, 325, 327, 328, 329, 330, 332, 333, 334, 335, 337, 338, 339, 344, 345, 346, 347, 348, 350, 351, 352, 353, 354, 357, 358, 359, 360, 361, 362, 363, 364, 365, 369, 370, 371, 372, 373, 375, 376, 377, 378, 379, 380, 382, 383, 386, 387, 388, 389, 390, 391, 392, 396, 397, 398, 399, 400, 401, 402, 403, 404, 406, 409, 411, 414, 416], "summary": {"covered_lines": 194, "num_statements": 224, "percent_covered": 86.60714285714286, "percent_covered_display": "87", "missing_lines": 30, "excluded_lines": 0}, "missing_lines": [83, 89, 94, 233, 234, 235, 245, 246, 247, 248, 254, 272, 273, 274, 285, 286, 287, 300, 302, 303, 304, 305, 306, 307, 309, 310, 311, 320, 321, 322], "excluded_lines": []}, "": {"executed_lines": [1, 2, 3, 4, 7, 8, 24, 38, 49], "summary": {"covered_lines": 8, "num_statements": 8, "percent_covered": 100.0, "percent_covered_display": "100", "missing_lines": 0, "excluded_lines": 0}, "missing_lines": [], "excluded_lines": []}}}, "src\\backup_manager.py": {"executed_lines": [1, 9, 10, 11, 12, 13, 14, 17, 18, 20, 30, 31, 32, 35, 38, 40, 47, 49, 50, 51, 54, 55, 56, 59, 62, 63, 66, 68, 80, 90, 92, 93, 96, 97, 99, 102, 108, 118, 119, 121, 122, 124, 126, 127, 130, 133, 136, 137, 138, 139, 141, 142, 147, 149, 156, 158, 159, 160, 163, 164, 165, 167, 175, 180, 182, 193, 194, 195, 197, 199, 200, 201, 204, 209, 210, 211, 212, 215, 217, 218, 224, 231, 232, 233, 234, 237], "summary": {"covered_lines": 84, "num_statements": 115, "percent_covered": 73.04347826086956, "percent_covered_display": "73", "missing_lines": 31, "excluded_lines": 0}, "missing_lines": [70, 72, 73, 74, 76, 77, 78, 104, 105, 106, 128, 144, 145, 161, 177, 178, 205, 206, 220, 221, 222, 239, 241, 244, 245, 246, 247, 249, 252, 253, 254], "excluded_lines": [], "functions": {"BackupManager.__init__": {"executed_lines": [30, 31, 32, 35, 38], "summary": {"covered_lines": 5, "num_statements": 5, "percent_covered": 100.0, "percent_covered_display": "100", "missing_lines": 0, "excluded_lines": 0}, "missing_lines": [], "excluded_lines": []}, "BackupManager.auto_backup": {"executed_lines": [47, 49, 50, 51, 54, 55, 56, 59, 62, 63, 66, 68], "summary": {"covered_lines": 12, "num_statements": 19, "percent_covered": 63.1578947368421, "percent_covered_display": "63", "missing_lines": 7, "excluded_lines": 0}, "missing_lines": [70, 72, 73, 74, 76, 77, 78], "excluded_lines": []}, "BackupManager._verify_backup": {"executed_lines": [90, 92, 93, 96, 97, 99, 102], "summary": {"covered_lines": 7, "num_statements": 10, "percent_covered": 70.0, "percent_covered_display": "70", "missing_lines": 3, "excluded_lines": 0}, "missing_lines": [104, 105, 106], "excluded_lines": []}, "BackupManager.cleanup_old_backups": {"executed_lines": [118, 119, 121, 122, 124, 126, 127, 130, 133, 136, 137, 138, 139, 141, 142, 147], "summary": {"covered_lines": 16, "num_statements": 19, "percent_covered": 84.21052631578948, "percent_covered_display": "84", "missing_lines": 3, "excluded_lines": 0}, "missing_lines": [128, 144, 145], "excluded_lines": []}, "BackupManager.list_backups": {"executed_lines": [156, 158, 159, 160, 163, 164, 165, 167, 175, 180], "summary": {"covered_lines": 10, "num_statements": 13, "percent_covered": 76.92307692307692, "percent_covered_display": "77", "missing_lines": 3, "excluded_lines": 0}, "missing_lines": [161, 177, 178], "excluded_lines": []}, "BackupManager.restore_backup": {"executed_lines": [193, 194, 195, 197, 199, 200, 201, 204, 209, 210, 211, 212, 215, 217, 218], "summary": {"covered_lines": 15, "num_statements": 20, "percent_covered": 75.0, "percent_covered_display": "75", "missing_lines": 5, "excluded_lines": 0}, "missing_lines": [205, 206, 220, 221, 222], "excluded_lines": []}, "BackupManager.get_latest_backup": {"executed_lines": [231, 232, 233, 234], "summary": {"covered_lines": 4, "num_statements": 4, "percent_covered": 100.0, "percent_covered_display": "100", "missing_lines": 0, "excluded_lines": 0}, "missing_lines": [], "excluded_lines": []}, "": {"executed_lines": [1, 9, 10, 11, 12, 13, 14, 17, 18, 20, 40, 80, 108, 149, 182, 224, 237], "summary": {"covered_lines": 15, "num_statements": 25, "percent_covered": 60.0, "percent_covered_display": "60", "missing_lines": 10, "excluded_lines": 0}, "missing_lines": [239, 241, 244, 245, 246, 247, 249, 252, 253, 254], "excluded_lines": []}}, "classes": {"BackupManager": {"executed_lines": [30, 31, 32, 35, 38, 47, 49, 50, 51, 54, 55, 56, 59, 62, 63, 66, 68, 90, 92, 93, 96, 97, 99, 102, 118, 119, 121, 122, 124, 126, 127, 130, 133, 136, 137, 138, 139, 141, 142, 147, 156, 158, 159, 160, 163, 164, 165, 167, 175, 180, 193, 194, 195, 197, 199, 200, 201, 204, 209, 210, 211, 212, 215, 217, 218, 231, 232, 233, 234], "summary": {"covered_lines": 69, "num_statements": 90, "percent_covered": 76.66666666666667, "percent_covered_display": "77", "missing_lines": 21, "excluded_lines": 0}, "missing_lines": [70, 72, 73, 74, 76, 77, 78, 104, 105, 106, 128, 144, 145, 161, 177, 178, 205, 206, 220, 221, 222], "excluded_lines": []}, "": {"executed_lines": [1, 9, 10, 11, 12, 13, 14, 17, 18, 20, 40, 80, 108, 149, 182, 224, 237], "summary": {"covered_lines": 15, "num_statements": 25, "percent_covered": 60.0, "percent_covered_display": "60", "missing_lines": 10, "excluded_lines": 0}, "missing_lines": [239, 241, 244, 245, 246, 247, 249, 252, 253, 254], "excluded_lines": []}}}, "src\\base.py": {"executed_lines": [], "summary": {"covered_lines": 0, "num_statements": 120, "percent_covered": 0.0, "percent_covered_display": "0", "missing_lines": 120, "excluded_lines": 0}, "missing_lines": [6, 7, 8, 9, 10, 11, 13, 15, 18, 19, 21, 22, 23, 24, 25, 26, 27, 28, 31, 32, 34, 35, 36, 37, 38, 39, 42, 45, 46, 47, 48, 50, 51, 53, 55, 57, 58, 59, 60, 61, 64, 67, 68, 69, 70, 72, 73, 75, 77, 79, 80, 81, 82, 83, 86, 89, 90, 91, 93, 94, 96, 98, 99, 101, 103, 105, 106, 107, 109, 110, 111, 113, 116, 119, 120, 122, 124, 125, 127, 129, 130, 132, 134, 135, 137, 140, 143, 144, 146, 148, 149, 151, 153, 154, 156, 158, 159, 161, 164, 167, 168, 169, 171, 173, 174, 175, 176, 178, 180, 181, 182, 183, 184, 185, 186, 188, 190, 191, 192, 196], "excluded_lines": [], "functions": {"BaseManager.__init__": {"executed_lines": [], "summary": {"covered_lines": 0, "num_statements": 3, "percent_covered": 0.0, "percent_covered_display": "0", "missing_lines": 3, "excluded_lines": 0}, "missing_lines": [46, 47, 48], "excluded_lines": []}, "BaseManager._initialize": {"executed_lines": [], "summary": {"covered_lines": 0, "num_statements": 1, "percent_covered": 0.0, "percent_covered_display": "0", "missing_lines": 1, "excluded_lines": 0}, "missing_lines": [53], "excluded_lines": []}, "BaseManager.validate_config": {"executed_lines": [], "summary": {"covered_lines": 0, "num_statements": 5, "percent_covered": 0.0, "percent_covered_display": "0", "missing_lines": 5, "excluded_lines": 0}, "missing_lines": [57, 58, 59, 60, 61], "excluded_lines": []}, "BaseStrategy.__init__": {"executed_lines": [], "summary": {"covered_lines": 0, "num_statements": 3, "percent_covered": 0.0, "percent_covered_display": "0", "missing_lines": 3, "excluded_lines": 0}, "missing_lines": [68, 69, 70], "excluded_lines": []}, "BaseStrategy.generate_signals": {"executed_lines": [], "summary": {"covered_lines": 0, "num_statements": 1, "percent_covered": 0.0, "percent_covered_display": "0", "missing_lines": 1, "excluded_lines": 0}, "missing_lines": [75], "excluded_lines": []}, "BaseStrategy.validate_data": {"executed_lines": [], "summary": {"covered_lines": 0, "num_statements": 5, "percent_covered": 0.0, "percent_covered_display": "0", "missing_lines": 5, "excluded_lines": 0}, "missing_lines": [79, 80, 81, 82, 83], "excluded_lines": []}, "BaseRiskManager.__init__": {"executed
[...]
0, 51, 52, 53, 54, 55, 56, 57, 58, 60, 61, 63, 65, 67, 68, 69, 70, 71, 72, 73, 74, 75, 77, 78, 82, 83, 85, 86, 87, 88, 89, 90, 91, 92, 93, 95, 96, 99, 106, 113, 121, 123, 124, 127, 129, 130, 132, 133, 135, 136, 137, 138, 140, 142, 149, 150, 151, 153, 161, 162], "excluded_lines": []}}}, "src\\ui_renderers.py": {"executed_lines": [1, 2, 3, 4, 5, 6, 8, 18, 19, 22, 23, 25, 26, 29, 30, 32, 34, 36, 37, 40, 41, 42, 51, 52, 53, 61, 68, 77, 80, 81, 83, 85, 86, 87, 88, 89, 91, 93, 96, 97, 99, 100, 121, 122, 124, 138, 139, 141, 144, 146, 147, 148, 151, 154, 156, 159, 160, 161, 162, 170, 200, 301, 804, 922, 973], "summary": {"covered_lines": 65, "num_statements": 560, "percent_covered": 11.607142857142858, "percent_covered_display": "12", "missing_lines": 495, "excluded_lines": 0}, "missing_lines": [71, 74, 75, 102, 103, 104, 105, 106, 107, 108, 109, 111, 112, 113, 114, 115, 116, 117, 118, 126, 130, 135, 136, 152, 163, 164, 171, 174, 183, 184, 187, 188, 189, 190, 191, 192, 194, 195, 196, 197, 198, 204, 205, 206, 208, 209, 211, 214, 215, 216, 217, 220, 222, 223, 224, 226, 227, 228, 230, 232, 234, 235, 236, 237, 239, 240, 243, 250, 252, 253, 254, 255, 256, 257, 259, 260, 262, 263, 264, 266, 267, 268, 270, 272, 274, 275, 276, 277, 279, 281, 282, 283, 284, 286, 287, 288, 290, 292, 293, 294, 295, 297, 299, 306, 307, 308, 309, 310, 311, 312, 313, 314, 316, 317, 320, 321, 322, 323, 324, 326, 327, 328, 329, 330, 331, 337, 340, 341, 342, 344, 345, 346, 349, 350, 352, 353, 354, 355, 358, 359, 360, 361, 363, 364, 365, 366, 367, 368, 369, 371, 372, 378, 379, 382, 383, 384, 387, 388, 391, 392, 397, 398, 403, 404, 408, 409, 410, 412, 415, 416, 419, 422, 423, 424, 425, 426, 427, 428, 431, 432, 433, 434, 435, 436, 438, 445, 458, 459, 460, 461, 463, 464, 467, 468, 470, 471, 472, 477, 480, 481, 482, 484, 485, 486, 487, 488, 489, 490, 491, 492, 493, 494, 495, 496, 497, 498, 500, 503, 504, 506, 508, 510, 513, 514, 515, 517, 518, 519, 521, 522, 523, 528, 531, 534, 535, 536, 538, 539, 540, 542, 543, 551, 552, 553, 554, 562, 564, 567, 568, 569, 570, 571, 572, 573, 575, 578, 579, 582, 583, 584, 585, 587, 588, 589, 590, 591, 592, 593, 594, 596, 597, 604, 605, 606, 608, 610, 611, 613, 614, 616, 618, 619, 624, 626, 628, 629, 632, 633, 634, 635, 636, 637, 638, 639, 641, 642, 647, 649, 650, 653, 655, 656, 657, 658, 660, 662, 663, 664, 665, 666, 669, 670, 671, 672, 673, 674, 675, 677, 678, 680, 681, 682, 694, 696, 698, 699, 700, 705, 706, 708, 709, 710, 713, 714, 717, 720, 721, 722, 723, 724, 725, 727, 734, 747, 748, 750, 751, 752, 754, 755, 756, 757, 759, 760, 761, 762, 763, 764, 765, 766, 767, 768, 769, 770, 771, 772, 773, 775, 778, 779, 783, 784, 787, 788, 789, 790, 791, 792, 793, 795, 796, 797, 798, 800, 802, 808, 809, 810, 811, 813, 814, 817, 818, 820, 822, 825, 826, 827, 828, 829, 832, 833, 835, 836, 837, 838, 841, 842, 845, 846, 847, 848, 854, 855, 857, 859, 867, 870, 873, 876, 878, 881, 882, 883, 885, 886, 887, 889, 896, 897, 898, 900, 903, 904, 905, 906, 912, 915, 916, 918, 919, 920, 931, 932, 934, 935, 936, 938, 939, 940, 942, 944, 947, 948, 950, 951, 953, 955, 956, 957, 959, 961, 962, 963, 966, 967, 970, 977, 979, 981, 982, 985, 987, 988, 989, 990, 992, 993, 994, 996, 1004, 1005, 1006, 1007, 1009, 1010, 1013, 1014, 1017, 1019, 1020, 1027, 1029, 1037, 1044], "excluded_lines": [], "functions": {"render_performance_tab": {"executed_lines": [18, 19, 22, 23, 25, 26, 29, 30, 32, 34, 36, 37, 40, 41, 42, 51, 52, 53, 61, 68, 77, 80, 81, 83, 85, 86, 87, 88, 89, 91, 93, 96, 97, 99, 100, 121, 122, 124, 138, 139, 141, 144, 146, 147, 148, 151, 154, 156, 159, 160, 161, 162, 170], "summary": {"covered_lines": 53, "num_statements": 94, "percent_covered": 56.38297872340426, "percent_covered_display": "56", "missing_lines": 41, "excluded_lines": 0}, "missing_lines": [71, 74, 75, 102, 103, 104, 105, 106, 107, 108, 109, 111, 112, 113, 114, 115, 116, 117, 118, 126, 130, 135, 136, 152, 163, 164, 171, 174, 183, 184, 187, 188, 189, 190, 191, 192, 194, 195, 196, 197, 198], "excluded_lines": []}, "render_paper_trading_tab": {"executed_lines": [], "summary": {"covered_lines": 0, "num_statements": 62, "percent_covered": 0.0, "percent_covered_display": "0", "missing_lines": 62, "excluded_lines": 0}, "missing_lines": [204, 205, 206, 208, 209, 211, 214, 215, 216, 217, 220, 222, 223, 224, 226, 227, 228, 230, 232, 234, 235, 236, 237, 239, 240, 243, 250, 252, 253, 254, 255, 256, 257, 259, 260, 262, 263, 264, 266, 267, 268, 270, 272, 274, 275, 276, 277, 279, 281, 282, 283, 284, 286, 287, 288, 290, 292, 293, 294, 295, 297, 299], "excluded_lines": []}, "render_market_scan_tab": {"executed_lines": [], "summary": {"covered_lines": 0, "num_statements": 276, "percent_covered": 0.0, "percent_covered_display": "0", "missing_lines": 276, "excluded_lines": 0}, "missing_lines": [306, 307, 308, 309, 310, 311, 312, 313, 314, 316, 317, 320, 321, 322, 323, 324, 326, 327, 328, 329, 330, 331, 337, 340, 341, 342, 344, 345, 346, 349, 350, 352, 353, 354, 355, 358, 359, 360, 361, 363, 364, 365, 366, 367, 368, 369, 371, 372, 378, 379, 382, 383, 384, 387, 388, 391, 392, 397, 398, 403, 404, 408, 409, 410, 412, 415, 416, 419, 422, 423, 424, 425, 426, 427, 428, 431, 445, 458, 459, 460, 461, 463, 464, 467, 468, 470, 471, 472, 477, 480, 481, 482, 484, 485, 486, 487, 488, 489, 490, 491, 492, 493, 494, 495, 496, 497, 498, 500, 503, 504, 506, 508, 510, 513, 514, 515, 517, 518, 519, 521, 522, 523, 528, 531, 534, 535, 536, 538, 539, 540, 542, 543, 551, 552, 553, 554, 562, 564, 567, 568, 569, 570, 571, 572, 573, 575, 578, 579, 582, 583, 584, 585, 587, 588, 589, 590, 591, 592, 593, 594, 596, 597, 604, 605, 606, 608, 610, 611, 613, 614, 616, 618, 619, 624, 626, 628, 629, 632, 633, 634, 635, 636, 637, 638, 639, 641, 642, 647, 649, 650, 653, 655, 656, 657, 658, 660, 662, 663, 664, 665, 666, 669, 670, 671, 672, 673, 674, 675, 677, 678, 680, 681, 682, 694, 696, 698, 699, 700, 705, 706, 708, 709, 710, 713, 714, 717, 720, 721, 722, 723, 724, 725, 727, 734, 747, 748, 750, 751, 752, 754, 755, 756, 757, 759, 760, 761, 762, 763, 764, 765, 766, 767, 768, 769, 770, 771, 772, 773, 775, 778, 779, 783, 784, 787, 788, 789, 790, 791, 792, 793, 795, 796, 797, 798, 800, 802], "excluded_lines": []}, "render_market_scan_tab.handle_best_pick_order": {"executed_lines": [], "summary": {"covered_lines": 0, "num_statements": 6, "percent_covered": 0.0, "percent_covered_display": "0", "missing_lines": 6, "excluded_lines": 0}, "missing_lines": [432, 433, 434, 435, 436, 438], "excluded_lines": []}, "render_realtime_monitoring_tab": {"executed_lines": [], "summary": {"covered_lines": 0, "num_statements": 57, "percent_covered": 0.0, "percent_covered_display": "0", "missing_lines": 57, "excluded_lines": 0}, "missing_lines": [808, 809, 810, 811, 813, 814, 817, 818, 820, 822, 825, 826, 827, 828, 829, 832, 833, 835, 836, 837, 838, 841, 842, 845, 846, 847, 848, 854, 855, 857, 859, 867, 870, 873, 876, 878, 881, 882, 883, 885, 886, 887, 889, 896, 897, 898, 900, 903, 904, 905, 906, 912, 915, 916, 918, 919, 920], "excluded_lines": []}, "render_xai_section": {"executed_lines": [], "summary": {"covered_lines": 0, "num_statements": 25, "percent_covered": 0.0, "percent_covered_display": "0", "missing_lines": 25, "excluded_lines": 0}, "missing_lines": [931, 932, 934, 935, 936, 938, 939, 940, 942, 944, 947, 948, 950, 951, 953, 955, 956, 957, 959, 961, 962, 963, 966, 967, 970], "excluded_lines": []}, "render_integrated_signal": {"executed_lines": [], "summary": {"covered_lines": 0, "num_statements": 28, "percent_covered": 0.0, "percent_covered_display": "0", "missing_lines": 28, "excluded_lines": 0}, "missing_lines": [977, 979, 981, 982, 985, 987, 988, 989, 990, 992, 993, 994, 996, 1004, 1005, 1006, 1007, 1009, 1010, 1013, 1014, 1017, 1019, 1020, 1027, 1029, 1037, 1044], "excluded_lines": []}, "": {"executed_lines": [1, 2, 3, 4, 5, 6, 8, 200, 301, 804, 922, 973], "summary": {"covered_lines": 12, "num_statements": 12, "percent_covered": 100.0, "percent_covered_display": "100", "missing_lines": 0, "excluded_lines": 0}, "missing_lines": [], "excluded_lines": []}}, "classes": {"": {"executed_lines": [1, 2, 3, 4, 5, 6, 8, 18, 19, 22, 23, 25, 26, 29, 30, 32, 34, 36, 37, 40, 41, 42, 51, 52, 53, 61, 68, 77, 80, 81, 83, 85, 86, 87, 88, 89, 91, 93, 96, 97, 99, 100, 121, 122, 124, 138, 139, 141, 144, 146, 147, 148, 151, 154, 156, 159, 160, 161, 162, 170, 200, 301, 804, 922, 973], "summary": {"covered_lines": 65, "num_statements": 560, "percent_covered": 11.607142857142858, "percent_covered_display": "12", "missing_lines": 495, "excluded_lines": 0}, "missing_lines": [71, 74, 75, 102, 103, 104, 105, 106, 107, 108, 109, 111, 112, 113, 114, 115, 116, 117, 118, 126, 130, 135, 136, 152, 163, 164, 171, 174, 183, 184, 187, 188, 189, 190, 191, 192, 194, 195, 196, 197, 198, 204, 205, 206, 208, 209, 211, 214, 215, 216, 217, 220, 222, 223, 224, 226, 227, 228, 230, 232, 234, 235, 236, 237, 239, 240, 243, 250, 252, 253, 254, 255, 256, 257, 259, 260, 262, 263, 264, 266, 267, 268, 270, 272, 274, 275, 276, 277, 279, 281, 282, 283, 284, 286, 287, 288, 290, 292, 293, 294, 295, 297, 299, 306, 307, 308, 309, 310, 311, 312, 313, 314, 316, 317, 320, 321, 322, 323, 324, 326, 327, 328, 329, 330, 331, 337, 340, 341, 342, 344, 345, 346, 349, 350, 352, 353, 354, 355, 358, 359, 360, 361, 363, 364, 365, 366, 367, 368, 369, 371, 372, 378, 379, 382, 383, 384, 387, 388, 391, 392, 397, 398, 403, 404, 408, 409, 410, 412, 415, 416, 419, 422, 423, 424, 425, 426, 427, 428, 431, 432, 433, 434, 435, 436, 438, 445, 458, 459, 460, 461, 463, 464, 467, 468, 470, 471, 472, 477, 480, 481, 482, 484, 485, 486, 487, 488, 489, 490, 491, 492, 493, 494, 495, 496, 497, 498, 500, 503, 504, 506, 508, 510, 513, 514, 515, 517, 518, 519, 521, 522, 523, 528, 531, 534, 535, 536, 538, 539, 540, 542, 543, 551, 552, 553, 554, 562, 564, 567, 568, 569, 570, 571, 572, 573, 575, 578, 579, 582, 583, 584, 585, 587, 588, 589, 590, 591, 592, 593, 594, 596, 597, 604, 605, 606, 608, 610, 611, 613, 614, 616, 618, 619, 624, 626, 628, 629, 632, 633, 634, 635, 636, 637, 638, 639, 641, 642, 647, 649, 650, 653, 655, 656, 657, 658, 660, 662, 663, 664, 665, 666, 669, 670, 671, 672, 673, 674, 675, 677, 678, 680, 681, 682, 694, 696, 698, 699, 700, 705, 706, 708, 709, 710, 713, 714, 717, 720, 721, 722, 723, 724, 725, 727, 734, 747, 748, 750, 751, 752, 754, 755, 756, 757, 759, 760, 761, 762, 763, 764, 765, 766, 767, 768, 769, 770, 771, 772, 773, 775, 778, 779, 783, 784, 787, 788, 789, 790, 791, 792, 793, 795, 796, 797, 798, 800, 802, 808, 809, 810, 811, 813, 814, 817, 818, 820, 822, 825, 826, 827, 828, 829, 832, 833, 835, 836, 837, 838, 841, 842, 845, 846, 847, 848, 854, 855, 857, 859, 867, 870, 873, 876, 878, 881, 882, 883, 885, 886, 887, 889, 896, 897, 898, 900, 903, 904, 905, 906, 912, 915, 916, 918, 919, 920, 931, 932, 934, 935, 936, 938, 939, 940, 942, 944, 947, 948, 950, 951, 953, 955, 956, 957, 959, 961, 962, 963, 966, 967, 970, 977, 979, 981, 982, 985, 987, 988, 989, 990, 992, 993, 994, 996, 1004, 1005, 1006, 1007, 1009, 1010, 1013, 1014, 1017, 1019, 1020, 1027, 1029, 1037, 1044], "excluded_lines": []}}}, "src\\ui_risk_dashboard.py": {"executed_lines": [], "summary": {"covered_lines": 0, "num_statements": 118, "percent_covered": 0.0, "percent_covered_display": "0", "missing_lines": 118, "excluded_lines": 0}, "missing_lines": [5, 6, 7, 8, 9, 10, 11, 12, 13, 14, 16, 17, 18, 21, 22, 23, 26, 29, 30, 33, 34, 36, 37, 39, 41, 42, 43, 44, 47, 48, 51, 52, 53, 56, 57, 60, 63, 78, 79, 82, 83, 85, 86, 87, 89, 90, 92, 94, 95, 98, 99, 100, 101, 102, 104, 106, 107, 109, 110, 111, 112, 113, 115, 116, 117, 118, 120, 121, 124, 125, 127, 128, 129, 130, 132, 134, 135, 137, 138, 140, 148, 151, 152, 153, 154, 155, 157, 158, 159, 160, 162, 165, 166, 168, 169, 171, 172, 175, 177, 179, 180, 182, 183, 184, 185, 187, 190, 197, 201, 202, 204, 206, 208, 217, 218, 221, 230, 232], "excluded_lines": [], "functions": {"render_risk_dashboard": {"executed_lines": [], "summary": {"covered_lines": 0, "num_statements": 107, "percent_covered": 0.0, "percent_covered_display": "0", "missing_lines": 107, "excluded_lines": 0}, "missing_lines": [17, 18, 21, 22, 23, 26, 29, 30, 33, 34, 36, 37, 39, 41, 42, 43, 44, 47, 48, 51, 52, 53, 56, 57, 60, 63, 78, 79, 82, 83, 85, 86, 87, 89, 90, 92, 94, 95, 98, 99, 100, 101, 102, 104, 106, 107, 109, 110, 111, 112, 113, 115, 116, 117, 118, 120, 121, 124, 125, 127, 128, 129, 130, 132, 134, 135, 137, 138, 140, 148, 151, 152, 153, 154, 155, 157, 158, 159, 160, 162, 165, 166, 168, 169, 171, 172, 175, 177, 179, 180, 182, 183, 184, 185, 187, 190, 197, 201, 202, 204, 206, 208, 217, 218, 221, 230, 232], "excluded_lines": []}, "": {"executed_lines": [], "summary": {"covered_lines": 0, "num_statements": 11, "percent_covered": 0.0, "percent_covered_display": "0", "missing_lines": 11, "excluded_lines": 0}, "missing_lines": [5, 6, 7, 8, 9, 10, 11, 12, 13, 14, 16], "excluded_lines": []}}, "classes": {"": {"executed_lines": [], "summary": {"covered_lines": 0, "num_statements": 118, "percent_covered": 0.0, "percent_covered_display": "0", "missing_lines": 118, "excluded_lines": 0}, "missing_lines": [5, 6, 7, 8, 9, 10, 11, 12, 13, 14, 16, 17, 18, 21, 22, 23, 26, 29, 30, 33, 34, 36, 37, 39, 41, 42, 43, 44, 47, 48, 51, 52, 53, 56, 57, 60, 63, 78, 79, 82, 83, 85, 86, 87, 89, 90, 92, 94, 95, 98, 99, 100, 101, 102, 104, 106, 107, 109, 110, 111, 112, 113, 115, 116, 117, 118, 120, 121, 124, 125, 127, 128, 129, 130, 132, 134, 135, 137, 138, 140, 148, 151, 152, 153, 154, 155, 157, 158, 159, 160, 162, 165, 166, 168, 169, 171, 172, 175, 177, 179, 180, 182, 183, 184, 185, 187, 190, 197, 201, 202, 204, 206, 208, 217, 218, 221, 230, 232], "excluded_lines": []}}}, "src\\visualizer.py": {"executed_lines": [], "summary": {"covered_lines": 0, "num_statements": 75, "percent_covered": 0.0, "percent_covered_display": "0", "missing_lines": 75, "excluded_lines": 0}, "missing_lines": [2, 3, 4, 5, 6, 8, 10, 16, 17, 18, 21, 22, 23, 24, 26, 38, 39, 40, 43, 46, 47, 48, 49, 50, 52, 53, 54, 56, 57, 60, 63, 64, 67, 70, 71, 74, 75, 78, 79, 82, 83, 86, 89, 92, 93, 94, 96, 98, 99, 100, 102, 113, 114, 117, 118, 121, 124, 127, 128, 129, 135, 138, 141, 142, 143, 144, 145, 147, 149, 150, 151, 153, 155, 156, 157], "excluded_lines": [], "functions": {"ReportVisualizer.__init__": {"executed_lines": [], "summary": {"covered_lines": 0, "num_statements": 6, "percent_covered": 0.0, "percent_covered_display": "0", "missing_lines": 6, "excluded_lines": 0}, "missing_lines": [17, 18, 21, 22, 23, 24], "excluded_lines": []}, "ReportVisualizer.generate_equity_chart": {"executed_lines": [], "summary": {"covered_lines": 0, "num_statements": 35, "percent_covered": 0.0, "percent_covered_display": "0", "missing_lines": 35, "excluded_lines": 0}, "missing_lines": [38, 39, 40, 43, 46, 47, 48, 49, 50, 52, 53, 54, 56, 57, 60, 63, 64, 67, 70, 71, 74, 75, 78, 79, 82, 83, 86, 89, 92, 93, 94, 96, 98, 99, 100], "excluded_lines": []}, "ReportVisualizer.generate_pnl_bar_chart": {"executed_lines": [], "summary": {"covered_lines": 0, "num_statements": 24, "percent_covered": 0.0, "percent_covered_display": "0", "missing_lines": 24, "excluded_lines": 0}, "missing_lines": [113, 114, 117, 118, 121, 124, 127, 128, 129, 135, 138, 141, 142, 143, 144, 145, 147, 149, 150, 151, 153, 155, 156, 157], "excluded_lines": []}, "": {"executed_lines": [], "summary": {"covered_lines": 0, "num_statements": 10, "percent_covered": 0.0, "percent_covered_display": "0", "missing_lines": 10, "excluded_lines": 0}, "missing_lines": [2, 3, 4, 5, 6, 8, 10, 16, 26, 102], "excluded_lines": []}}, "classes": {"ReportVisualizer": {"executed_lines": [], "summary": {"covered_lines": 0, "num_statements": 65, "percent_covered": 0.0, "percent_covered_display": "0", "missing_lines": 65, "excluded_lines": 0}, "missing_lines": [17, 18, 21, 22, 23, 24, 38, 39, 40, 43, 46, 47, 48, 49, 50, 52, 53, 54, 56, 57, 60, 63, 64, 67, 70, 71, 74, 75, 78, 79, 82, 83, 86, 89, 92, 93, 94, 96, 98, 99, 100, 113, 114, 117, 118, 121, 124, 127, 128, 129, 135, 138, 141, 142, 143, 144, 145, 147, 149, 150, 151, 153, 155, 156, 157], "excluded_lines": []}, "": {"executed_lines": [], "summary": {"covered_lines": 0, "num_statements": 10, "percent_covered": 0.0, "percent_covered_display": "0", "missing_lines": 10, "excluded_lines": 0}, "missing_lines": [2, 3, 4, 5, 6, 8, 10, 16, 26, 102], "excluded_lines": []}}}, "src\\xai.py": {"executed_lines": [], "summary": {"covered_lines": 0, "num_statements": 78, "percent_covered": 0.0, "percent_covered_display": "0", "missing_lines": 78, "excluded_lines": 0}, "missing_lines": [8, 9, 10, 11, 12, 13, 14, 16, 18, 26, 27, 29, 40, 42, 44, 46, 48, 49, 53, 54, 55, 57, 58, 59, 61, 73, 74, 77, 79, 81, 84, 90, 101, 107, 109, 121, 122, 125, 126, 128, 130, 133, 140, 141, 145, 146, 148, 150, 160, 169, 171, 173, 185, 186, 188, 189, 191, 193, 198, 200, 202, 203, 204, 205, 206, 209, 210, 211, 212, 213, 214, 216, 218, 221, 223, 225, 226, 227], "excluded_lines": [], "functions": {"XAIManager.__init__": {"executed_lines": [], "summary": {"covered_lines": 0, "num_statements": 1, "percent_covered": 0.0, "percent_covered_display": "0", "missing_lines": 1, "excluded_lines": 0}, "missing_lines": [27], "excluded_lines": []}, "XAIManager.get_shap_values": {"executed_lines": [], "summary": {"covered_lines": 0, "num_statements": 12, "percent_covered": 0.0, "percent_covered_display": "0", "missing_lines": 12, "excluded_lines": 0}, "missing_lines": [40, 42, 44, 46, 48, 49, 53, 54, 55, 57, 58, 59], "excluded_lines": []}, "XAIManager.plot_feature_importance": {"executed_lines": [], "summary": {"covered_lines": 0, "num_statements": 9, "percent_covered": 0.0, "percent_covered_display": "0", "missing_lines": 9, "excluded_lines": 0}, "missing_lines": [73, 74, 77, 79, 81, 84, 90, 101, 107], "excluded_lines": []}, "XAIManager.plot_prediction_reason": {"executed_lines": [], "summary": {"covered_lines": 0, "num_statements": 16, "percent_covered": 0.0, "percent_covered_display": "0", "missing_lines": 16, "excluded_lines": 0}, "missing_lines": [121, 122, 125, 126, 128, 130, 133, 140, 141, 145, 146, 148, 150, 160, 169, 171], "excluded_lines": []}, "XAIManager.generate_explanation_text": {"executed_lines": [], "summary": {"covered_lines": 0, "num_statements": 21, "percent_covered": 0.0, "percent_covered_display": "0", "missing_lines": 21, "excluded_lines": 0}, "missing_lines": [185, 186, 188, 189, 191, 193, 198, 200, 202, 203, 204, 205, 206, 209, 210, 211, 212, 213, 214, 216, 218], "excluded_lines": []}, "get_xai_manager": {"executed_lines": [], "summary": {"covered_lines": 0, "num_statements": 3, "percent_covered": 0.0, "percent_covered_display": "0", "missing_lines": 3, "excluded_lines": 0}, "missing_lines": [225, 226, 227], "excluded_lines": []}, "": {"executed_lines": [], "summary": {"covered_lines": 0, "num_statements": 16, "percent_covered": 0.0, "percent_covered_display": "0", "missing_lines": 16, "excluded_lines": 0}, "missing_lines": [8, 9, 10, 11, 12, 13, 14, 16, 18, 26, 29, 61, 109, 173, 221, 223], "excluded_lines": []}}, "classes": {"XAIManager": {"executed_lines": [], "summary": {"covered_lines": 0, "num_statements": 59, "percent_covered": 0.0, "percent_covered_display": "0", "missing_lines": 59, "excluded_lines": 0}, "missing_lines": [27, 40, 42, 44, 46, 48, 49, 53, 54, 55, 57, 58, 59, 73, 74, 77, 79, 81, 84, 90, 101, 107, 121, 122, 125, 126, 128, 130, 133, 140, 141, 145, 146, 148, 150, 160, 169, 171, 185, 186, 188, 189, 191, 193, 198, 200, 202, 203, 204, 205, 206, 209, 210, 211, 212, 213, 214, 216, 218], "excluded_lines": []}, "": {"executed_lines": [], "summary": {"covered_lines": 0, "num_statements": 19, "percent_covered": 0.0, "percent_covered_display": "0", "missing_lines": 19, "excluded_lines": 0}, "missing_lines": [8, 9, 10, 11, 12, 13, 14, 16, 18, 26, 29, 61, 109, 173, 221, 223, 225, 226, 227], "excluded_lines": []}}}}, "totals": {"covered_lines": 3562, "num_statements": 13028, "percent_covered": 27.341111452256676, "percent_covered_display": "27", "missing_lines": 9466, "excluded_lines": 2}}