============================= test session starts =============================
platform win32 -- Python 3.11.0, pytest-7.4.2, pluggy-1.6.0 -- C:\Users\neoen\AppData\Local\Programs\Python\Python311\python.exe
cachedir: .pytest_cache
benchmark: 5.1.0 (defaults: timer=time.perf_counter disable_gc=False min_rounds=5 min_time=0.000005 max_time=1.0 calibration_precision=10 warmup=False warmup_iterations=100000)
rootdir: C:\gemini-desktop\AGStock
configfile: pytest.ini
plugins: anyio-4.9.0, dash-3.1.1, Faker-37.5.3, logfire-4.0.0, asyncio-0.23.7, benchmark-5.1.0, cov-4.1.0, mock-3.14.1, timeout-2.4.0, xdist-3.8.0, requests-mock-1.12.1, respx-0.22.0, typeguard-4.4.4
asyncio: mode=Mode.STRICT
collecting ... collected 50 items

tests/test_performance_metrics_coverage.py::TestAdvancedMetrics::test_init PASSED [  2%]
tests/test_performance_metrics_coverage.py::TestAdvancedMetrics::test_init_custom_risk_free_rate PASSED [  4%]
tests/test_performance_metrics_coverage.py::TestAdvancedMetrics::test_sharpe_ratio PASSED [  6%]
tests/test_performance_metrics_coverage.py::TestAdvancedMetrics::test_sharpe_ratio_zero_std FAILED [  8%]
tests/test_performance_metrics_coverage.py::TestAdvancedMetrics::test_sortino_ratio PASSED [ 10%]
tests/test_performance_metrics_coverage.py::TestAdvancedMetrics::test_sortino_ratio_positive_only PASSED [ 12%]
tests/test_performance_metrics_coverage.py::TestAdvancedMetrics::test_calmar_ratio PASSED [ 14%]
tests/test_performance_metrics_coverage.py::TestAdvancedMetrics::test_max_drawdown PASSED [ 16%]
tests/test_performance_metrics_coverage.py::TestAdvancedMetrics::test_max_drawdown_duration PASSED [ 18%]
tests/test_performance_metrics_coverage.py::TestAdvancedMetrics::test_win_rate PASSED [ 20%]
tests/test_performance_metrics_coverage.py::TestAdvancedMetrics::test_win_rate_positive_only PASSED [ 22%]
tests/test_performance_metrics_coverage.py::TestAdvancedMetrics::test_payoff_ratio PASSED [ 24%]
tests/test_performance_metrics_coverage.py::TestAdvancedMetrics::test_payoff_ratio_positive_only PASSED [ 26%]
tests/test_performance_metrics_coverage.py::TestAdvancedMetrics::test_omega_ratio PASSED [ 28%]
tests/test_performance_metrics_coverage.py::TestAdvancedMetrics::test_omega_ratio_positive_only PASSED [ 30%]
tests/test_performance_metrics_coverage.py::TestAdvancedMetrics::test_information_ratio PASSED [ 32%]
tests/test_performance_metrics_coverage.py::TestAdvancedMetrics::test_all_metrics PASSED [ 34%]
tests/test_performance_metrics_coverage.py::TestAdvancedMetrics::test_all_metrics_with_benchmark PASSED [ 36%]
tests/test_performance_metrics_coverage.py::TestTransactionCostModel::test_init PASSED [ 38%]
tests/test_performance_metrics_coverage.py::TestTransactionCostModel::test_init_custom PASSED [ 40%]
tests/test_performance_metrics_coverage.py::TestTransactionCostModel::test_calculate_cost PASSED [ 42%]
tests/test_performance_metrics_coverage.py::TestTransactionCostModel::test_calculate_cost_high_volume_participation PASSED [ 44%]
tests/test_performance_metrics_coverage.py::TestTransactionCostModel::test_calculate_cost_zero_volume PASSED [ 46%]
tests/test_rebalancer_coverage.py::TestDynamicRebalancer::test_init_default PASSED [ 48%]
tests/test_rebalancer_coverage.py::TestDynamicRebalancer::test_init_custom PASSED [ 50%]
tests/test_rebalancer_coverage.py::TestDynamicRebalancer::test_calculate_current_weights PASSED [ 52%]
tests/test_rebalancer_coverage.py::TestDynamicRebalancer::test_calculate_current_weights_empty PASSED [ 54%]
tests/test_rebalancer_coverage.py::TestDynamicRebalancer::test_needs_rebalancing_yes PASSED [ 56%]
tests/test_rebalancer_coverage.py::TestDynamicRebalancer::test_needs_rebalancing_no PASSED [ 58%]
tests/test_rebalancer_coverage.py::TestDynamicRebalancer::test_generate_rebalance_orders PASSED [ 60%]
tests/test_rebalancer_coverage.py::TestDynamicRebalancer::test_calculate_transaction_costs PASSED [ 62%]
tests/test_rebalancer_coverage.py::TestDynamicRebalancer::test_calculate_transaction_costs_empty PASSED [ 64%]
tests/test_rebalancer_coverage.py::TestDynamicRebalancer::test_should_rebalance_by_time_daily PASSED [ 66%]
tests/test_rebalancer_coverage.py::TestDynamicRebalancer::test_should_rebalance_by_time_weekly PASSED [ 68%]
tests/test_rebalancer_coverage.py::TestDynamicRebalancer::test_should_rebalance_by_time_monthly PASSED [ 70%]
tests/test_rebalancer_coverage.py::TestDynamicRebalancer::test_should_rebalance_by_time_quarterly PASSED [ 72%]
tests/test_benchmark_comparator_coverage.py::TestBenchmarkComparator::test_init PASSED [ 74%]
tests/test_benchmark_comparator_coverage.py::TestBenchmarkComparator::test_benchmarks_defined PASSED [ 76%]
tests/test_benchmark_comparator_coverage.py::TestBenchmarkComparator::test_fetch_benchmark_data FAILED [ 78%]
tests/test_benchmark_comparator_coverage.py::TestBenchmarkComparator::test_calculate_active_return PASSED [ 80%]
tests/test_benchmark_comparator_coverage.py::TestBenchmarkComparator::test_calculate_information_ratio PASSED [ 82%]
tests/test_benchmark_comparator_coverage.py::TestBenchmarkComparator::test_calculate_information_ratio_zero_tracking_error PASSED [ 84%]
tests/test_benchmark_comparator_coverage.py::TestBenchmarkComparator::test_calculate_beta PASSED [ 86%]
tests/test_benchmark_comparator_coverage.py::TestBenchmarkComparator::test_calculate_alpha PASSED [ 88%]
tests/test_benchmark_comparator_coverage.py::TestBenchmarkComparator::test_calculate_alpha_custom_rf PASSED [ 90%]
tests/test_benchmark_comparator_coverage.py::TestBenchmarkComparator::test_generate_comparison_report FAILED [ 92%]
tests/test_benchmark_comparator_coverage.py::TestBenchmarkComparator::test_interpret_metrics_positive_alpha PASSED [ 94%]
tests/test_benchmark_comparator_coverage.py::TestBenchmarkComparator::test_interpret_metrics_negative_alpha PASSED [ 96%]
tests/test_benchmark_comparator_coverage.py::TestBenchmarkComparator::test_interpret_metrics_high_beta PASSED [ 98%]
tests/test_benchmark_comparator_coverage.py::TestBenchmarkComparator::test_interpret_metrics_low_beta PASSED [100%]

================================== FAILURES ===================================
_______________ TestAdvancedMetrics.test_sharpe_ratio_zero_std ________________
tests\test_performance_metrics_coverage.py:61: in test_sharpe_ratio_zero_std
    assert sharpe == 0.0
E   assert 9.033607777958744e+16 == 0.0
______________ TestBenchmarkComparator.test_fetch_benchmark_data ______________
C:\Users\neoen\AppData\Local\Programs\Python\Python311\Lib\unittest\mock.py:892: in assert_called
    raise AssertionError(msg)
E   AssertionError: Expected 'Ticker' to have been called.

During handling of the above exception, another exception occurred:
tests\test_benchmark_comparator_coverage.py:61: in test_fetch_benchmark_data
    mock_yf.Ticker.assert_called()
E   AssertionError: Expected 'Ticker' to have been called.
___________ TestBenchmarkComparator.test_generate_comparison_report ___________
tests\test_benchmark_comparator_coverage.py:112: in test_generate_comparison_report
    report = comparator.generate_comparison_report(portfolio_returns, 'nikkei225')
src\benchmark_comparator.py:181: in generate_comparison_report
    benchmark_returns = benchmark_data['Close'].pct_change().dropna()
C:\Users\neoen\AppData\Local\Programs\Python\Python311\Lib\site-packages\pandas\core\series.py:1007: in __getitem__
    return self._get_value(key)
C:\Users\neoen\AppData\Local\Programs\Python\Python311\Lib\site-packages\pandas\core\series.py:1116: in _get_value
    loc = self.index.get_loc(label)
C:\Users\neoen\AppData\Local\Programs\Python\Python311\Lib\site-packages\pandas\core\indexes\range.py:349: in get_loc
    raise KeyError(key)
E   KeyError: 'Close'

---------- coverage: platform win32, python 3.11.0-final-0 -----------
Name                                     Stmts   Miss  Cover   Missing
----------------------------------------------------------------------
src\advanced_backtest.py                   101    101     0%   6-282
src\advanced_features.py                   124    124     0%   10-349
src\advanced_models.py                      41     41     0%   7-93
src\advanced_risk.py                        89     89     0%   6-234
src\agents.py                              173    173     0%   1-251
src\ai_analyst.py                           46     46     0%   5-97
src\alert_manager.py                       126    126     0%   5-270
src\alert_system.py                        125    125     0%   9-344
src\anomaly_detector.py                     90     90     0%   5-208
src\async_data_loader.py                   143    143     0%   8-328
src\auth.py                                152    152     0%   5-317
src\auto_rebalancer.py                     132    132     0%   5-278
src\auto_trader_ui.py                      107    107     0%   2-159
src\backtest_engine.py                      45     45     0%   1-86
src\backtest_visualizer.py                  81     81     0%   6-314
src\backtester.py                          232    232     0%   1-416
src\backup_manager.py                      115    115     0%   9-254
src\base.py                                120    120     0%   6-196
src\benchmark_comparator.py                 99     31    69%   40, 46-48, 126, 178, 184-198, 248-269
src\bert_sentiment.py                       72     72     0%   7-141
src\broker.py                               42     42     0%   1-70
src\cache_config.py                          8      8     0%   1-20
src\cloud_storage.py                        79     79     0%   1-106
src\config.py                               46     46     0%   1-72
src\config_manager.py                       47     47     0%   4-93
src\constants.py                            10     10     0%   1-222
src\copy_trading.py                        149    149     0%   5-382
src\cost_optimizer.py                      125    125     0%   6-347
src\cross_validation.py                     43     43     0%   9-145
src\dashboard_utils.py                      36     36     0%   4-71
src\data_loader.py                         120    120     0%   1-224
src\data_manager.py                         84     84     0%   1-174
src\db_maintenance.py                       86     86     0%   5-144
src\design_tokens.py                        52     52     0%   7-128
src\dividend_strategy.py                    71     71     0%   6-236
src\dynamic_ensemble.py                     77     77     0%   6-154
src\dynamic_risk_manager.py                 89     89     0%   7-299
src\dynamic_risk_manager_refactored.py     121    121     0%   6-337
src\dynamic_stop.py                         52     52     0%   9-101
src\encryption.py                           74     74     0%   5-188
src\enhanced_performance_dashboard.py      144    144     0%   5-323
src\ensemble.py                             27     27     0%   1-65
src\error_handler.py                       109    109     0%   6-215
src\error_handling.py                       88     88     0%   8-301
src\execution.py                            78     78     0%   1-128
src\execution_optimizer.py                  69     69     0%   6-213
src\export_manager.py                       80     80     0%   5-175
src\factor_analyzer.py                      85     85     0%   6-269
src\features.py                            122    122     0%   1-245
src\formatters.py                           83     83     0%   5-243
src\fundamentals.py                         26     26     0%   1-50
src\hierarchical_strategy.py                42     42     0%   10-85
src\hyperparameter_tuning.py               111    111     0%   8-349
src\ibkr_broker.py                          88     88     0%   1-154
src\integrated_signals.py                   69     69     0%   7-160
src\kelly_criterion.py                      35     35     0%   12-82
src\liquidity_analyzer.py                   74     74     0%   6-233
src\live_trading.py                        151    151     0%   1-260
src\llm_analyzer.py                         69     69     0%   1-125
src\logging_config.py                       45     45     0%   4-102
src\macro_analyzer.py                       89     89     0%   6-208
src\meta_learner.py                        107    107     0%   5-264
src\metrics_collector.py                    87     87     0%   5-197
src\ml_pipeline.py                          89     89     0%   1-148
src\monitoring_dashboard.py                 96     96     0%   5-174
src\mpt_optimizer.py                       102    102     0%   6-302
src\multi_timeframe.py                      77     77     0%   10-190
src\nisa_manager.py                        115    115     0%   5-342
src\notifier.py                             81     81     0%   1-203
src\online_learning.py                     113    113     0%   7-315
src\optimization.py                        204    204     0%   1-430
src\optimizer.py                            47     47     0%   1-73
src\options_pricing.py                      89     89     0%   5-264
src\paper_trader.py                        144    144     0%   1-315
src\parallel_backtester.py                  76     76     0%   5-228
src\patterns.py                             91     91     0%   1-181
src\pdf_report_generator.py                 94     94     0%   5-187
src\performance.py                         167    167     0%   1-320
src\performance_attribution.py              95     95     0%   5-232
src\performance_metrics.py                  97     13    87%   37, 54, 121, 200-213
src\performance_monitor.py                 111    111     0%   10-314
src\performance_optimizer.py               113    113     0%   11-184
src\personal_features.py                   195    195     0%   6-345
src\portfolio.py                           131    131     0%   1-243
src\portfolio_manager.py                    42     42     0%   10-81
src\portfolio_manager_refactored.py        109    109     0%   6-263
src\portfolio_optimizer.py                 111    111     0%   6-269
src\production_manager.py                  101    101     0%   11-219
src\prompts.py                               3      3     0%   5-33
src\psychological_guard.py                  84     84     0%   6-294
src\pytest_cov_optional.py                  13      5    62%   14-15, 25-33
src\rakuten_broker.py                      153    153     0%   1-259
src\realtime_alerts.py                     129    129     0%   8-309
src\realtime_data.py                        96     96     0%   8-182
src\rebalancer.py                           84     29    65%   124-126, 140, 194-205, 210-246
src\recovery_manager.py                    107    107     0%   5-217
src\regime.py                              100    100     0%   1-250
src\regime_detector.py                     110    110     0%   7-352
src\rich_notifier.py                       106    106     0%   5-291
src\risk_guard.py                          102    102     0%   1-198
src\risk_limiter.py                        135    135     0%   6-225
src\rl_agent.py                             74     74     0%   1-106
src\rl_environment.py                       65     65     0%   1-145
src\sector_rotation.py                      83     83     0%   1-205
src\sentiment.py                            74     74     0%   1-173
src\simple_dashboard.py                    113    113     0%   6-257
src\smart_notifier.py                       63     63     0%   7-110
src\stacking_ensemble.py                   107    107     0%   15-293
src\strategies\__init__.py                   7      7     0%   9-43
src\strategies\base.py                      50     50     0%   7-130
src\strategies\custom\__init__.py            0      0   100%
src\strategies_legacy.py                   725    725     0%   1-1138
src\strategy_marketplace.py                134    134     0%   5-381
src\streaming_pipeline.py                   84     84     0%   7-202
src\tax_calculator.py                       82     82     0%   5-280
src\tax_report_generator.py                 85     85     0%   5-268
src\trade_explainer.py                      32     32     0%   5-99
src\trader_profile.py                      123    123     0%   5-397
src\trading_performance_monitor.py          98     98     0%   7-360
src\transformer_model.py                   107    107     0%   8-339
src\ui_advanced_analytics.py               157    157     0%   5-291
src\ui_ai_chat.py                           46     46     0%   4-76
src\ui_ai_report.py                         48     48     0%   4-80
src\ui_alerts.py                            79     79     0%   4-158
src\ui_automation.py                        77     77     0%   5-132
src\ui_components.py                       130    130     0%   5-327
src\ui_customizer.py                        82     82     0%   5-240
src\ui_export.py                            83     83     0%   4-162
src\ui_renderers.py                        560    560     0%   1-1044
src\ui_risk_dashboard.py                   118    118     0%   5-232
src\visualizer.py                           75     75     0%   2-157
src\xai.py                                  78     78     0%   8-227
----------------------------------------------------------------------
TOTAL                                    13053  12838     2%
Coverage HTML written to dir htmlcov

=========================== short test summary info ===========================
FAILED tests/test_performance_metrics_coverage.py::TestAdvancedMetrics::test_sharpe_ratio_zero_std
FAILED tests/test_benchmark_comparator_coverage.py::TestBenchmarkComparator::test_fetch_benchmark_data
FAILED tests/test_benchmark_comparator_coverage.py::TestBenchmarkComparator::test_generate_comparison_report
======================== 3 failed, 47 passed in 4.47s =========================
