============================= test session starts =============================
platform win32 -- Python 3.11.0, pytest-7.4.2, pluggy-1.6.0 -- C:\Users\neoen\AppData\Local\Programs\Python\Python311\python.exe
cachedir: .pytest_cache
benchmark: 5.1.0 (defaults: timer=time.perf_counter disable_gc=False min_rounds=5 min_time=0.000005 max_time=1.0 calibration_precision=10 warmup=False warmup_iterations=100000)
rootdir: C:\gemini-desktop\AGStock
configfile: pytest.ini
plugins: anyio-4.9.0, dash-3.1.1, Faker-37.5.3, logfire-4.0.0, asyncio-0.23.7, benchmark-5.1.0, cov-4.1.0, mock-3.14.1, timeout-2.4.0, xdist-3.8.0, requests-mock-1.12.1, respx-0.22.0, typeguard-4.4.4
asyncio: mode=Mode.STRICT
collecting ... collected 6 items

tests/test_strategies_legacy_coverage.py::test_order_dataclass PASSED    [ 16%]
tests/test_strategies_legacy_coverage.py::test_sma_crossover_strategy FAILED [ 33%]
tests/test_strategies_legacy_coverage.py::test_rsi_strategy FAILED       [ 50%]
tests/test_strategies_legacy_coverage.py::test_bollinger_bands_strategy FAILED [ 66%]
tests/test_strategies_legacy_coverage.py::test_combined_strategy FAILED  [ 83%]
tests/test_strategies_legacy_coverage.py::test_feature_functions PASSED  [100%]

================================== FAILURES ===================================
_________________________ test_sma_crossover_strategy _________________________

sample_data =             Open  High  Low  Close  Volume
2023-01-01   100   110   90    105    1000
2023-01-02   100   110   90    1...5    1000
2023-04-09   100   110   90    105    1000
2023-04-10   100   110   90    105    1000

[100 rows x 5 columns]

    def test_sma_crossover_strategy(sample_data):
        """SMACrossoverStrategyのテスト"""
        strategy = SMACrossoverStrategy(short_window=5, long_window=10)
    
        # generate_signals
        signals = strategy.generate_signals(sample_data)
        assert len(signals) == len(sample_data)
    
        # get_signal_explanation
        expl = strategy.get_signal_explanation(1)
>       assert "Golden Cross" in expl
E       AssertionError: assert 'Golden Cross' in '短期移動平均線が長期移動平均線を上抜けました（ゴールデンクロス）。上昇トレンドの始まりを示唆しています。'

tests\test_strategies_legacy_coverage.py:52: AssertionError
______________________________ test_rsi_strategy ______________________________

sample_data =             Open  High  Low  Close  Volume
2023-01-01   100   110   90    105    1000
2023-01-02   100   110   90    1...5    1000
2023-04-09   100   110   90    105    1000
2023-04-10   100   110   90    105    1000

[100 rows x 5 columns]

    def test_rsi_strategy(sample_data):
        """RSIStrategyのテスト"""
        strategy = RSIStrategy(period=14)
    
        # generate_signals
        signals = strategy.generate_signals(sample_data)
        assert len(signals) == len(sample_data)
    
        # get_signal_explanation
        expl = strategy.get_signal_explanation(1)
>       assert "Oversold" in expl
E       AssertionError: assert 'Oversold' in 'RSIが30を下回った後、回復しました。売られすぎからの反発を示唆しています。'

tests\test_strategies_legacy_coverage.py:69: AssertionError
________________________ test_bollinger_bands_strategy ________________________

sample_data =             Open  High  Low  Close  Volume
2023-01-01   100   110   90    105    1000
2023-01-02   100   110   90    1...5    1000
2023-04-09   100   110   90    105    1000
2023-04-10   100   110   90    105    1000

[100 rows x 5 columns]

    def test_bollinger_bands_strategy(sample_data):
        """BollingerBandsStrategyのテスト"""
        strategy = BollingerBandsStrategy(length=20, std=2)
    
        # generate_signals
        signals = strategy.generate_signals(sample_data)
        assert len(signals) == len(sample_data)
    
        # get_signal_explanation
        expl = strategy.get_signal_explanation(1)
>       assert "Lower Band" in expl
E       AssertionError: assert 'Lower Band' in '株価がボリンジャーバンドの下限にタッチしました。売られすぎからの反発が期待できます。'

tests\test_strategies_legacy_coverage.py:84: AssertionError
___________________________ test_combined_strategy ____________________________

sample_data =             Open  High  Low  Close  Volume
2023-01-01   100   110   90    105    1000
2023-01-02   100   110   90    1...5    1000
2023-04-09   100   110   90    105    1000
2023-04-10   100   110   90    105    1000

[100 rows x 5 columns]

    def test_combined_strategy(sample_data):
        """CombinedStrategyのテスト"""
        strategy = CombinedStrategy()
    
        # generate_signals
        signals = strategy.generate_signals(sample_data)
        assert len(signals) == len(sample_data)
    
        # get_signal_explanation
        expl = strategy.get_signal_explanation(1)
>       assert "Buy Signal" in expl
E       AssertionError: assert 'Buy Signal' in 'RSIとボリンジャーバンドの両方が「売られすぎ」を示しています。強い反発のチャンスです。'

tests\test_strategies_legacy_coverage.py:99: AssertionError
============================== warnings summary ===============================
..\..\Users\neoen\AppData\Local\Programs\Python\Python311\Lib\site-packages\streamlit\elements\image.py:22
  C:\Users\neoen\AppData\Local\Programs\Python\Python311\Lib\site-packages\streamlit\elements\image.py:22: DeprecationWarning: 'imghdr' is deprecated and slated for removal in Python 3.13
    import imghdr

-- Docs: https://docs.pytest.org/en/stable/how-to/capture-warnings.html

---------- coverage: platform win32, python 3.11.0-final-0 -----------
Name                                     Stmts   Miss  Cover   Missing
----------------------------------------------------------------------
src\advanced_backtest.py                   101    101     0%   6-282
src\advanced_features.py                   124    124     0%   10-349
src\advanced_models.py                      41     41     0%   7-93
src\advanced_risk.py                        89     89     0%   6-234
src\agents.py                              173    173     0%   1-251
src\ai_analyst.py                           46     46     0%   5-97
src\alert_manager.py                       126    126     0%   5-270
src\alert_system.py                        125    125     0%   9-344
src\anomaly_detector.py                     90     90     0%   5-208
src\async_data_loader.py                   143    120    16%   28, 48-96, 100-131, 135-148, 169-193, 215-229, 237-267, 276-278, 304-305, 310-328
src\auth.py                                152    152     0%   5-317
src\auto_rebalancer.py                     132    132     0%   5-278
src\auto_trader_ui.py                      107    107     0%   2-159
src\backtest_engine.py                      45     45     0%   1-86
src\backtest_visualizer.py                  81     81     0%   6-314
src\backtester.py                          232    232     0%   1-416
src\backup_manager.py                      115    115     0%   9-254
src\base.py                                120    120     0%   6-196
src\benchmark_comparator.py                 99     99     0%   6-269
src\bert_sentiment.py                       72     72     0%   7-141
src\broker.py                               42     42     0%   1-70
src\cache_config.py                          8      8     0%   1-20
src\cloud_storage.py                        79     79     0%   1-106
src\config.py                               46     46     0%   1-72
src\config_manager.py                       47     47     0%   4-93
src\constants.py                            10     10     0%   1-222
src\copy_trading.py                        149    149     0%   5-382
src\cost_optimizer.py                      125    125     0%   6-347
src\cross_validation.py                     43     43     0%   9-145
src\dashboard_utils.py                      36     36     0%   4-71
src\data_loader.py                         120     96    20%   33-35, 46-75, 80-91, 104-161, 168-190, 195-197, 203, 210-224
src\data_manager.py                         84     71    15%   11-12, 16-37, 44-114, 121-146, 150-164, 168-174
src\db_maintenance.py                       86     86     0%   5-144
src\design_tokens.py                        52     52     0%   7-128
src\dividend_strategy.py                    71     71     0%   6-236
src\dynamic_ensemble.py                     77     63    18%   24-33, 46-60, 64-100, 109-131, 135-143, 147-154
src\dynamic_risk_manager.py                 89     89     0%   7-299
src\dynamic_risk_manager_refactored.py     121    121     0%   6-337
src\dynamic_stop.py                         52     52     0%   9-101
src\encryption.py                           74     74     0%   5-188
src\enhanced_performance_dashboard.py      144    144     0%   5-323
src\ensemble.py                             27     27     0%   1-65
src\error_handler.py                       109    109     0%   6-215
src\error_handling.py                       88     88     0%   8-301
src\execution.py                            78     78     0%   1-128
src\execution_optimizer.py                  69     69     0%   6-213
src\export_manager.py                       80     80     0%   5-175
src\factor_analyzer.py                      85     85     0%   6-269
src\features.py                            122    113     7%   11-31, 38-70, 76-113, 120-202, 208-245
src\formatters.py                           83     83     0%   5-243
src\fundamentals.py                         26     26     0%   1-50
src\hierarchical_strategy.py                42     42     0%   10-85
src\hyperparameter_tuning.py               111    111     0%   8-349
src\ibkr_broker.py                          88     88     0%   1-154
src\integrated_signals.py                   69     69     0%   7-160
src\kelly_criterion.py                      35     35     0%   12-82
src\liquidity_analyzer.py                   74     74     0%   6-233
src\live_trading.py                        151    151     0%   1-260
src\llm_analyzer.py                         69     69     0%   1-125
src\logging_config.py                       45     45     0%   4-102
src\macro_analyzer.py                       89     89     0%   6-208
src\meta_learner.py                        107    107     0%   5-264
src\metrics_collector.py                    87     87     0%   5-197
src\ml_pipeline.py                          89     89     0%   1-148
src\monitoring_dashboard.py                 96     96     0%   5-174
src\mpt_optimizer.py                       102    102     0%   6-302
src\multi_timeframe.py                      77     63    18%   19, 32-54, 67-85, 99-127, 134-143, 154-182, 188-190
src\nisa_manager.py                        115    115     0%   5-342
src\notifier.py                             81     81     0%   1-203
src\online_learning.py                     113    113     0%   7-315
src\optimization.py                        204    204     0%   1-430
src\optimizer.py                            47     47     0%   1-73
src\options_pricing.py                      89     89     0%   5-264
src\paper_trader.py                        144    144     0%   1-315
src\parallel_backtester.py                  76     76     0%   5-228
src\patterns.py                             91     91     0%   1-181
src\pdf_report_generator.py                 94     94     0%   5-187
src\performance.py                         167    167     0%   1-320
src\performance_attribution.py              95     95     0%   5-232
src\performance_metrics.py                  97     97     0%   10-213
src\performance_monitor.py                 111    111     0%   10-314
src\performance_optimizer.py               113    113     0%   11-184
src\personal_features.py                   195    195     0%   6-345
src\portfolio.py                           131    131     0%   1-243
src\portfolio_manager.py                    42     42     0%   10-81
src\portfolio_manager_refactored.py        109    109     0%   6-263
src\portfolio_optimizer.py                 111    111     0%   6-269
src\production_manager.py                  101    101     0%   11-219
src\prompts.py                               3      3     0%   5-33
src\psychological_guard.py                  84     84     0%   6-294
src\pytest_cov_optional.py                  13      5    62%   14-15, 25-33
src\rakuten_broker.py                      153    153     0%   1-259
src\realtime_alerts.py                     129    129     0%   8-309
src\realtime_data.py                        96     96     0%   8-182
src\rebalancer.py                           84     84     0%   10-246
src\recovery_manager.py                    107    107     0%   5-217
src\regime.py                              100    100     0%   1-250
src\regime_detector.py                     110    110     0%   7-352
src\rich_notifier.py                       106    106     0%   5-291
src\risk_guard.py                          102    102     0%   1-198
src\risk_limiter.py                        135    135     0%   6-225
src\rl_agent.py                             74     74     0%   1-106
src\rl_environment.py                       65     65     0%   1-145
src\sector_rotation.py                      83     83     0%   1-205
src\sentiment.py                            74     74     0%   1-173
src\simple_dashboard.py                    113    113     0%   6-257
src\smart_notifier.py                       63     63     0%   7-110
src\stacking_ensemble.py                   107    107     0%   15-293
src\strategies\__init__.py                   7      7     0%   9-43
src\strategies\base.py                      50     50     0%   7-130
src\strategies\custom\__init__.py            0      0   100%
src\strategies_legacy.py                   725    554    24%   15-20, 24-26, 54, 71, 78-85, 91-95, 105, 122-124, 135, 142, 156-158, 168, 186-188, 199, 222-224, 228-230, 233-287, 290-294, 298-302, 307-358, 361-365, 369-377, 380-384, 387-392, 395-467, 470-474, 478-480, 483-486, 489-491, 495-535, 548-615, 619-625, 629-658, 668-670, 673-698, 701-725, 733-736, 742-798, 802-820, 827-830, 833-858, 861-885, 892-895, 898-922, 925-949, 958-970, 973-992, 1003, 1007-1016, 1040-1042, 1045-1095, 1098-1103, 1115-1116, 1119-1131, 1134-1138
src\strategy_marketplace.py                134    134     0%   5-381
src\streaming_pipeline.py                   84     84     0%   7-202
src\tax_calculator.py                       82     82     0%   5-280
src\tax_report_generator.py                 85     85     0%   5-268
src\trade_explainer.py                      32     32     0%   5-99
src\trader_profile.py                      123    123     0%   5-397
src\trading_performance_monitor.py          98     98     0%   7-360
src\transformer_model.py                   107    107     0%   8-339
src\ui_advanced_analytics.py               157    157     0%   5-291
src\ui_ai_chat.py                           46     46     0%   4-76
src\ui_ai_report.py                         48     48     0%   4-80
src\ui_alerts.py                            79     79     0%   4-158
src\ui_automation.py                        77     77     0%   5-132
src\ui_components.py                       130    130     0%   5-327
src\ui_customizer.py                        82     82     0%   5-240
src\ui_export.py                            83     83     0%   4-162
src\ui_renderers.py                        560    560     0%   1-1044
src\ui_risk_dashboard.py                   118    118     0%   5-232
src\visualizer.py                           75     75     0%   2-157
src\xai.py                                  78     78     0%   8-227
----------------------------------------------------------------------
TOTAL                                    13053  12777     2%
Coverage HTML written to dir htmlcov

=========================== short test summary info ===========================
FAILED tests/test_strategies_legacy_coverage.py::test_sma_crossover_strategy
FAILED tests/test_strategies_legacy_coverage.py::test_rsi_strategy - Assertio...
FAILED tests/test_strategies_legacy_coverage.py::test_bollinger_bands_strategy
FAILED tests/test_strategies_legacy_coverage.py::test_combined_strategy - Ass...
=================== 4 failed, 2 passed, 1 warning in 6.32s ====================
